15:11:21 **** Build of configuration Debug for project C++ ****
make all 
Building file: ../src/C++.cpp
Invoking: GCC C++ Compiler
g++ -O0 -g3 -Wall -c -fmessage-length=0 -MMD -MP -MF"src/C++.d" -MT"src/C++.o" -o "src/C++.o" "../src/C++.cpp"
Finished building: ../src/C++.cpp
 
Building target: C++
Invoking: MacOS X C++ Linker
g++  -o "C++"  ./src/C++.o   
Finished building target: C++
 
15:13:57 **** Incremental Build of configuration Debug for project C++ ****
make all 
Building file: ../src/C++.cpp
Invoking: GCC C++ Compiler
g++ -O0 -g3 -Wall -c -fmessage-length=0 -MMD -MP -MF"src/C++.d" -MT"src/C++.o" -o "src/C++.o" "../src/C++.cpp"
Finished building: ../src/C++.cpp
 
Building target: C++
Invoking: MacOS X C++ Linker
g++  -o "C++"  ./src/C++.o   
Finished building target: C++
 
15:14:14 **** Incremental Build of configuration Debug for project C++ ****
make all 
Building file: ../src/C++.cpp
Invoking: GCC C++ Compiler
g++ -O0 -g3 -Wall -c -fmessage-length=0 -MMD -MP -MF"src/C++.d" -MT"src/C++.o" -o "src/C++.o" "../src/C++.cpp"
Finished building: ../src/C++.cpp
 
Building target: C++
Invoking: MacOS X C++ Linker
g++  -o "C++"  ./src/C++.o   
Finished building target: C++
 
15:14:47 **** Incremental Build of configuration Debug for project C++ ****
make all 
Building file: ../src/C++.cpp
Invoking: GCC C++ Compiler
g++ -O0 -g3 -Wall -c -fmessage-length=0 -MMD -MP -MF"src/C++.d" -MT"src/C++.o" -o "src/C++.o" "../src/C++.cpp"
Finished building: ../src/C++.cpp
 
Building target: C++
Invoking: MacOS X C++ Linker
g++  -o "C++"  ./src/C++.o   
Finished building target: C++
 
15:41:30 **** Incremental Build of configuration Debug for project C++ ****
make all 
Building file: ../src/C++.cpp
Invoking: GCC C++ Compiler
g++ -O0 -g3 -Wall -c -fmessage-length=0 -MMD -MP -MF"src/C++.d" -MT"src/C++.o" -o "src/C++.o" "../src/C++.cpp"
../src/C++.cpp:17:29: warning: unused variable 'total2' [-Wunused-variable]
        int total = 0, total1 = 0, total2 = 1;
                                   ^
../src/C++.cpp:17:6: warning: unused variable 'total' [-Wunused-variable]
        int total = 0, total1 = 0, total2 = 1;
            ^
../src/C++.cpp:17:17: warning: unused variable 'total1' [-Wunused-variable]
        int total = 0, total1 = 0, total2 = 1;
                       ^
3 warnings generated.
Finished building: ../src/C++.cpp
 
Building target: C++
Invoking: MacOS X C++ Linker
g++  -o "C++"  ./src/C++.o   
Finished building target: C++
 
15:41:41 **** Incremental Build of configuration Debug for project C++ ****
make all 
Building file: ../src/C++.cpp
Invoking: GCC C++ Compiler
g++ -O0 -g3 -Wall -c -fmessage-length=0 -MMD -MP -MF"src/C++.d" -MT"src/C++.o" -o "src/C++.o" "../src/C++.cpp"
../src/C++.cpp:14:2: error: use of undeclared identifier 'bees'
        bees();
        ^
../src/C++.cpp:18:6: warning: unused variable 'total' [-Wunused-variable]
        int total = 0, total1 = 0, total2 = 1;
            ^
../src/C++.cpp:18:17: warning: unused variable 'total1' [-Wunused-variable]
        int total = 0, total1 = 0, total2 = 1;
                       ^
../src/C++.cpp:18:29: warning: unused variable 'total2' [-Wunused-variable]
        int total = 0, total1 = 0, total2 = 1;
                                   ^
3 warnings and 1 error generated.
make: *** [src/C++.o] Error 1
"make all" terminated with exit code 2. Build might be incomplete.
15:43:18 **** Incremental Build of configuration Debug for project C++ ****
make all 
Building file: ../src/C++.cpp
Invoking: GCC C++ Compiler
g++ -O0 -g3 -Wall -c -fmessage-length=0 -MMD -MP -MF"src/C++.d" -MT"src/C++.o" -o "src/C++.o" "../src/C++.cpp"
../src/C++.cpp:14:2: error: use of undeclared identifier 'bees'
        bees();
        ^
../src/C++.cpp:18:6: warning: unused variable 'total' [-Wunused-variable]
        int total = 0, total1 = 0, total2 = 1;
            ^
../src/C++.cpp:18:17: warning: unused variable 'total1' [-Wunused-variable]
        int total = 0, total1 = 0, total2 = 1;
                       ^
../src/C++.cpp:18:29: warning: unused variable 'total2' [-Wunused-variable]
        int total = 0, total1 = 0, total2 = 1;
                                   ^
3 warnings and 1 error generated.
make: *** [src/C++.o] Error 1
"make all" terminated with exit code 2. Build might be incomplete.
15:43:30 **** Incremental Build of configuration Debug for project C++ ****
make all 
Building file: ../src/C++.cpp
Invoking: GCC C++ Compiler
g++ -O0 -g3 -Wall -c -fmessage-length=0 -MMD -MP -MF"src/C++.d" -MT"src/C++.o" -o "src/C++.o" "../src/C++.cpp"
../src/C++.cpp:14:2: error: use of undeclared identifier 'bees'
        bees();
        ^
../src/C++.cpp:18:6: warning: unused variable 'total' [-Wunused-variable]
        int total = 0, total1 = 0, total2 = 1;
            ^
../src/C++.cpp:18:17: warning: unused variable 'total1' [-Wunused-variable]
        int total = 0, total1 = 0, total2 = 1;
                       ^
../src/C++.cpp:18:29: warning: unused variable 'total2' [-Wunused-variable]
        int total = 0, total1 = 0, total2 = 1;
                                   ^
3 warnings and 1 error generated.
make: *** [src/C++.o] Error 1
"make all" terminated with exit code 2. Build might be incomplete.
15:43:59 **** Incremental Build of configuration Debug for project C++ ****
make all 
Building file: ../src/C++.cpp
Invoking: GCC C++ Compiler
g++ -O0 -g3 -Wall -c -fmessage-length=0 -MMD -MP -MF"src/C++.d" -MT"src/C++.o" -o "src/C++.o" "../src/C++.cpp"
../src/C++.cpp:18:6: warning: unused variable 'total' [-Wunused-variable]
        int total = 0, total1 = 0, total2 = 1;
            ^
../src/C++.cpp:18:17: warning: unused variable 'total1' [-Wunused-variable]
        int total = 0, total1 = 0, total2 = 1;
                       ^
../src/C++.cpp:18:29: warning: unused variable 'total2' [-Wunused-variable]
        int total = 0, total1 = 0, total2 = 1;
                                   ^
3 warnings generated.
Finished building: ../src/C++.cpp
 
Building target: C++
Invoking: MacOS X C++ Linker
g++  -o "C++"  ./src/C++.o   
Finished building target: C++
 
15:44:34 **** Incremental Build of configuration Debug for project C++ ****
make all 
Building file: ../src/C++.cpp
Invoking: GCC C++ Compiler
g++ -O0 -g3 -Wall -c -fmessage-length=0 -MMD -MP -MF"src/C++.d" -MT"src/C++.o" -o "src/C++.o" "../src/C++.cpp"
../src/C++.cpp:15:2: error: reference to overloaded function could not be resolved; did you mean to call it?
        sin >> a;
        ^~~
/Library/Developer/CommandLineTools/usr/bin/../include/c++/v1/math.h:1057:1: note: possible target for call
sin(_A1 __lcpp_x) _NOEXCEPT {return ::sin((double)__lcpp_x);}
^
/Library/Developer/CommandLineTools/usr/bin/../include/c++/v1/math.h:1051:46: note: possible target for call
inline _LIBCPP_INLINE_VISIBILITY long double sin(long double __lcpp_x) _NOEXCEPT {return ::sinl(__lcpp_x);}
                                             ^
/Library/Developer/CommandLineTools/usr/bin/../include/c++/v1/math.h:1050:46: note: possible target for call
inline _LIBCPP_INLINE_VISIBILITY float       sin(float __lcpp_x) _NOEXCEPT       {return ::sinf(__lcpp_x);}
                                             ^
/Library/Developer/CommandLineTools/SDKs/MacOSX.sdk/usr/include/math.h:329:15: note: possible target for call
extern double sin(double);
              ^
../src/C++.cpp:20:17: warning: unused variable 'total1' [-Wunused-variable]
        int total = 0, total1 = 0, total2 = 1;
                       ^
../src/C++.cpp:20:29: warning: unused variable 'total2' [-Wunused-variable]
        int total = 0, total1 = 0, total2 = 1;
                                   ^
../src/C++.cpp:20:6: warning: unused variable 'total' [-Wunused-variable]
        int total = 0, total1 = 0, total2 = 1;
            ^
3 warnings and 1 error generated.
make: *** [src/C++.o] Error 1
"make all" terminated with exit code 2. Build might be incomplete.
15:44:56 **** Incremental Build of configuration Debug for project C++ ****
make all 
Building file: ../src/C++.cpp
Invoking: GCC C++ Compiler
g++ -O0 -g3 -Wall -c -fmessage-length=0 -MMD -MP -MF"src/C++.d" -MT"src/C++.o" -o "src/C++.o" "../src/C++.cpp"
../src/C++.cpp:20:6: warning: unused variable 'total' [-Wunused-variable]
        int total = 0, total1 = 0, total2 = 1;
            ^
../src/C++.cpp:20:29: warning: unused variable 'total2' [-Wunused-variable]
        int total = 0, total1 = 0, total2 = 1;
                                   ^
../src/C++.cpp:20:17: warning: unused variable 'total1' [-Wunused-variable]
        int total = 0, total1 = 0, total2 = 1;
                       ^
3 warnings generated.
Finished building: ../src/C++.cpp
 
Building target: C++
Invoking: MacOS X C++ Linker
g++  -o "C++"  ./src/C++.o   
Finished building target: C++
 
15:45:28 **** Incremental Build of configuration Debug for project C++ ****
make all 
Building file: ../src/C++.cpp
Invoking: GCC C++ Compiler
g++ -O0 -g3 -Wall -c -fmessage-length=0 -MMD -MP -MF"src/C++.d" -MT"src/C++.o" -o "src/C++.o" "../src/C++.cpp"
../src/C++.cpp:19:16: error: reference to overloaded function could not be resolved; did you mean to call it?
        cin >> gen >> endl;
                      ^~~~
/Library/Developer/CommandLineTools/usr/bin/../include/c++/v1/ostream:1004:1: note: possible target for call
endl(basic_ostream<_CharT, _Traits>& __os)
^
/Library/Developer/CommandLineTools/usr/bin/../include/c++/v1/istream:220:20: note: candidate function not viable: no overload of 'endl' matching 'std::__1::basic_istream<char> &(*)(std::__1::basic_istream<char> &)' for 1st argument
    basic_istream& operator>>(basic_istream& (*__pf)(basic_istream&))
                   ^
/Library/Developer/CommandLineTools/usr/bin/../include/c++/v1/istream:224:20: note: candidate function not viable: no overload of 'endl' matching 'basic_ios<std::__1::basic_istream<char, std::__1::char_traits<char> >::char_type, std::__1::basic_istream<char, std::__1::char_traits<char> >::traits_type> &(*)(basic_ios<std::__1::basic_istream<char, std::__1::char_traits<char> >::char_type, std::__1::basic_istream<char, std::__1::char_traits<char> >::traits_type> &)' (aka 'basic_ios<char, std::__1::char_traits<char> > &(*)(basic_ios<char, std::__1::char_traits<char> > &)') for 1st argument
    basic_istream& operator>>(basic_ios<char_type, traits_type>&
                   ^
/Library/Developer/CommandLineTools/usr/bin/../include/c++/v1/istream:229:20: note: candidate function not viable: no overload of 'endl' matching 'std::__1::ios_base &(*)(std::__1::ios_base &)' for 1st argument
    basic_istream& operator>>(ios_base& (*__pf)(ios_base&))
                   ^
/Library/Developer/CommandLineTools/usr/bin/../include/c++/v1/istream:232:20: note: candidate function not viable: no overload of 'endl' matching 'basic_streambuf<std::__1::basic_istream<char, std::__1::char_traits<char> >::char_type, std::__1::basic_istream<char, std::__1::char_traits<char> >::traits_type> *' (aka 'basic_streambuf<char, std::__1::char_traits<char> > *') for 1st argument
    basic_istream& operator>>(basic_streambuf<char_type, traits_type>* __sb);
                   ^
/Library/Developer/CommandLineTools/usr/bin/../include/c++/v1/istream:233:20: note: candidate function not viable: no overload of 'endl' matching 'bool &' for 1st argument
    basic_istream& operator>>(bool& __n);
                   ^
/Library/Developer/CommandLineTools/usr/bin/../include/c++/v1/istream:234:20: note: candidate function not viable: no overload of 'endl' matching 'short &' for 1st argument
    basic_istream& operator>>(short& __n);
                   ^
/Library/Developer/CommandLineTools/usr/bin/../include/c++/v1/istream:235:20: note: candidate function not viable: no overload of 'endl' matching 'unsigned short &' for 1st argument
    basic_istream& operator>>(unsigned short& __n);
                   ^
/Library/Developer/CommandLineTools/usr/bin/../include/c++/v1/istream:236:20: note: candidate function not viable: no overload of 'endl' matching 'int &' for 1st argument
    basic_istream& operator>>(int& __n);
                   ^
/Library/Developer/CommandLineTools/usr/bin/../include/c++/v1/istream:237:20: note: candidate function not viable: no overload of 'endl' matching 'unsigned int &' for 1st argument
    basic_istream& operator>>(unsigned int& __n);
                   ^
/Library/Developer/CommandLineTools/usr/bin/../include/c++/v1/istream:238:20: note: candidate function not viable: no overload of 'endl' matching 'long &' for 1st argument
    basic_istream& operator>>(long& __n);
                   ^
/Library/Developer/CommandLineTools/usr/bin/../include/c++/v1/istream:239:20: note: candidate function not viable: no overload of 'endl' matching 'unsigned long &' for 1st argument
    basic_istream& operator>>(unsigned long& __n);
                   ^
/Library/Developer/CommandLineTools/usr/bin/../include/c++/v1/istream:240:20: note: candidate function not viable: no overload of 'endl' matching 'long long &' for 1st argument
    basic_istream& operator>>(long long& __n);
                   ^
/Library/Developer/CommandLineTools/usr/bin/../include/c++/v1/istream:241:20: note: candidate function not viable: no overload of 'endl' matching 'unsigned long long &' for 1st argument
    basic_istream& operator>>(unsigned long long& __n);
                   ^
/Library/Developer/CommandLineTools/usr/bin/../include/c++/v1/istream:242:20: note: candidate function not viable: no overload of 'endl' matching 'float &' for 1st argument
    basic_istream& operator>>(float& __f);
                   ^
/Library/Developer/CommandLineTools/usr/bin/../include/c++/v1/istream:243:20: note: candidate function not viable: no overload of 'endl' matching 'double &' for 1st argument
    basic_istream& operator>>(double& __f);
                   ^
/Library/Developer/CommandLineTools/usr/bin/../include/c++/v1/istream:244:20: note: candidate function not viable: no overload of 'endl' matching 'long double &' for 1st argument
    basic_istream& operator>>(long double& __f);
                   ^
/Library/Developer/CommandLineTools/usr/bin/../include/c++/v1/istream:245:20: note: candidate function not viable: no overload of 'endl' matching 'void *&' for 1st argument
    basic_istream& operator>>(void*& __p);
                   ^
/Library/Developer/CommandLineTools/usr/bin/../include/c++/v1/istream:615:1: note: candidate function [with _CharT = char, _Traits = std::__1::char_traits<char>] not viable: no overload of 'endl' matching 'char *' for 2nd argument
operator>>(basic_istream<_CharT, _Traits>& __is, _CharT* __s)
^
/Library/Developer/CommandLineTools/usr/bin/../include/c++/v1/istream:626:1: note: candidate function template not viable: no overload of 'endl' matching 'unsigned char *' for 2nd argument
operator>>(basic_istream<char, _Traits>& __is, unsigned char* __s)
^
/Library/Developer/CommandLineTools/usr/bin/../include/c++/v1/istream:634:1: note: candidate function template not viable: no overload of 'endl' matching 'signed char *' for 2nd argument
operator>>(basic_istream<char, _Traits>& __is, signed char* __s)
^
/Library/Developer/CommandLineTools/usr/bin/../include/c++/v1/istream:643:1: note: candidate function [with _CharT = char, _Traits = std::__1::char_traits<char>] not viable: no overload of 'endl' matching 'char &' for 2nd argument
operator>>(basic_istream<_CharT, _Traits>& __is, _CharT& __c)
^
/Library/Developer/CommandLineTools/usr/bin/../include/c++/v1/istream:678:1: note: candidate function template not viable: no overload of 'endl' matching 'unsigned char &' for 2nd argument
operator>>(basic_istream<char, _Traits>& __is, unsigned char& __c)
^
/Library/Developer/CommandLineTools/usr/bin/../include/c++/v1/istream:686:1: note: candidate function template not viable: no overload of 'endl' matching 'signed char &' for 2nd argument
operator>>(basic_istream<char, _Traits>& __is, signed char& __c)
^
/Library/Developer/CommandLineTools/usr/bin/../include/c++/v1/istream:1451:1: note: candidate template ignored: couldn't infer template argument '_Allocator'
operator>>(basic_istream<_CharT, _Traits>& __is,
^
/Library/Developer/CommandLineTools/usr/bin/../include/c++/v1/istream:1591:1: note: candidate template ignored: couldn't infer template argument '_Size'
operator>>(basic_istream<_CharT, _Traits>& __is, bitset<_Size>& __x)
^
1 error generated.
make: *** [src/C++.o] Error 1
"make all" terminated with exit code 2. Build might be incomplete.
15:45:36 **** Incremental Build of configuration Debug for project C++ ****
make all 
Building file: ../src/C++.cpp
Invoking: GCC C++ Compiler
g++ -O0 -g3 -Wall -c -fmessage-length=0 -MMD -MP -MF"src/C++.d" -MT"src/C++.o" -o "src/C++.o" "../src/C++.cpp"
../src/C++.cpp:17:29: warning: unused variable 'total2' [-Wunused-variable]
        int total = 0, total1 = 0, total2 = 1, gen;
                                   ^
../src/C++.cpp:17:6: warning: unused variable 'total' [-Wunused-variable]
        int total = 0, total1 = 0, total2 = 1, gen;
            ^
../src/C++.cpp:17:17: warning: unused variable 'total1' [-Wunused-variable]
        int total = 0, total1 = 0, total2 = 1, gen;
                       ^
3 warnings generated.
Finished building: ../src/C++.cpp
 
Building target: C++
Invoking: MacOS X C++ Linker
g++  -o "C++"  ./src/C++.o   
Finished building target: C++
 
15:45:46 **** Incremental Build of configuration Debug for project C++ ****
make all 
Building file: ../src/C++.cpp
Invoking: GCC C++ Compiler
g++ -O0 -g3 -Wall -c -fmessage-length=0 -MMD -MP -MF"src/C++.d" -MT"src/C++.o" -o "src/C++.o" "../src/C++.cpp"
../src/C++.cpp:14:2: error: use of undeclared identifier 'bees'
        bees();
        ^
../src/C++.cpp:18:6: warning: unused variable 'total' [-Wunused-variable]
        int total = 0, total1 = 0, total2 = 1, gen;
            ^
../src/C++.cpp:18:17: warning: unused variable 'total1' [-Wunused-variable]
        int total = 0, total1 = 0, total2 = 1, gen;
                       ^
../src/C++.cpp:18:29: warning: unused variable 'total2' [-Wunused-variable]
        int total = 0, total1 = 0, total2 = 1, gen;
                                   ^
3 warnings and 1 error generated.
make: *** [src/C++.o] Error 1
"make all" terminated with exit code 2. Build might be incomplete.
15:45:59 **** Incremental Build of configuration Debug for project C++ ****
make all 
Building file: ../src/C++.cpp
Invoking: GCC C++ Compiler
g++ -O0 -g3 -Wall -c -fmessage-length=0 -MMD -MP -MF"src/C++.d" -MT"src/C++.o" -o "src/C++.o" "../src/C++.cpp"
../src/C++.cpp:14:2: error: use of undeclared identifier 'bees'
        bees();
        ^
../src/C++.cpp:18:6: warning: unused variable 'total' [-Wunused-variable]
        int total = 0, total1 = 0, total2 = 1, gen;
            ^
../src/C++.cpp:18:17: warning: unused variable 'total1' [-Wunused-variable]
        int total = 0, total1 = 0, total2 = 1, gen;
                       ^
../src/C++.cpp:18:29: warning: unused variable 'total2' [-Wunused-variable]
        int total = 0, total1 = 0, total2 = 1, gen;
                                   ^
3 warnings and 1 error generated.
make: *** [src/C++.o] Error 1
"make all" terminated with exit code 2. Build might be incomplete.
15:46:03 **** Incremental Build of configuration Debug for project C++ ****
make all 
Building file: ../src/C++.cpp
Invoking: GCC C++ Compiler
g++ -O0 -g3 -Wall -c -fmessage-length=0 -MMD -MP -MF"src/C++.d" -MT"src/C++.o" -o "src/C++.o" "../src/C++.cpp"
../src/C++.cpp:17:29: warning: unused variable 'total2' [-Wunused-variable]
        int total = 0, total1 = 0, total2 = 1, gen;
                                   ^
../src/C++.cpp:17:6: warning: unused variable 'total' [-Wunused-variable]
        int total = 0, total1 = 0, total2 = 1, gen;
            ^
../src/C++.cpp:17:17: warning: unused variable 'total1' [-Wunused-variable]
        int total = 0, total1 = 0, total2 = 1, gen;
                       ^
3 warnings generated.
Finished building: ../src/C++.cpp
 
Building target: C++
Invoking: MacOS X C++ Linker
g++  -o "C++"  ./src/C++.o   
Finished building target: C++
 
15:50:06 **** Incremental Build of configuration Debug for project C++ ****
make all 
Building file: ../src/C++.cpp
Invoking: GCC C++ Compiler
g++ -O0 -g3 -Wall -c -fmessage-length=0 -MMD -MP -MF"src/C++.d" -MT"src/C++.o" -o "src/C++.o" "../src/C++.cpp"
Finished building: ../src/C++.cpp
 
Building target: C++
Invoking: MacOS X C++ Linker
g++  -o "C++"  ./src/C++.o   
Finished building target: C++
 
15:50:21 **** Incremental Build of configuration Debug for project C++ ****
make all 
Building file: ../src/C++.cpp
Invoking: GCC C++ Compiler
g++ -O0 -g3 -Wall -c -fmessage-length=0 -MMD -MP -MF"src/C++.d" -MT"src/C++.o" -o "src/C++.o" "../src/C++.cpp"
../src/C++.cpp:14:2: error: use of undeclared identifier 'bees'
        bees();
        ^
1 error generated.
make: *** [src/C++.o] Error 1
"make all" terminated with exit code 2. Build might be incomplete.
15:50:47 **** Incremental Build of configuration Debug for project C++ ****
make all 
Building file: ../src/C++.cpp
Invoking: GCC C++ Compiler
g++ -O0 -g3 -Wall -c -fmessage-length=0 -MMD -MP -MF"src/C++.d" -MT"src/C++.o" -o "src/C++.o" "../src/C++.cpp"
../src/C++.cpp:14:2: error: use of undeclared identifier 'coutbees'
        coutbees();
        ^
1 error generated.
make: *** [src/C++.o] Error 1
"make all" terminated with exit code 2. Build might be incomplete.
15:50:51 **** Incremental Build of configuration Debug for project C++ ****
make all 
Building file: ../src/C++.cpp
Invoking: GCC C++ Compiler
g++ -O0 -g3 -Wall -c -fmessage-length=0 -MMD -MP -MF"src/C++.d" -MT"src/C++.o" -o "src/C++.o" "../src/C++.cpp"
../src/C++.cpp:14:2: error: use of undeclared identifier 'coutbees'
        coutbees();
        ^
1 error generated.
make: *** [src/C++.o] Error 1
"make all" terminated with exit code 2. Build might be incomplete.
15:50:53 **** Incremental Build of configuration Debug for project C++ ****
make all 
Building file: ../src/C++.cpp
Invoking: GCC C++ Compiler
g++ -O0 -g3 -Wall -c -fmessage-length=0 -MMD -MP -MF"src/C++.d" -MT"src/C++.o" -o "src/C++.o" "../src/C++.cpp"
../src/C++.cpp:14:2: error: use of undeclared identifier 'bees'
        bees();
        ^
1 error generated.
make: *** [src/C++.o] Error 1
"make all" terminated with exit code 2. Build might be incomplete.
15:51:12 **** Incremental Build of configuration Debug for project C++ ****
make all 
Building file: ../src/C++.cpp
Invoking: GCC C++ Compiler
g++ -O0 -g3 -Wall -c -fmessage-length=0 -MMD -MP -MF"src/C++.d" -MT"src/C++.o" -o "src/C++.o" "../src/C++.cpp"
../src/C++.cpp:14:10: error: use of undeclared identifier 'bees'
        cout << bees();
                ^
1 error generated.
make: *** [src/C++.o] Error 1
"make all" terminated with exit code 2. Build might be incomplete.
15:51:25 **** Incremental Build of configuration Debug for project C++ ****
make all 
Building file: ../src/C++.cpp
Invoking: GCC C++ Compiler
g++ -O0 -g3 -Wall -c -fmessage-length=0 -MMD -MP -MF"src/C++.d" -MT"src/C++.o" -o "src/C++.o" "../src/C++.cpp"
../src/C++.cpp:14:10: error: use of undeclared identifier 'bees'
        cout << bees();
                ^
../src/C++.cpp:17:1: error: unknown type name 'publlic'
publlic static void bees() {
^
2 errors generated.
make: *** [src/C++.o] Error 1
"make all" terminated with exit code 2. Build might be incomplete.
15:51:31 **** Incremental Build of configuration Debug for project C++ ****
make all 
Building file: ../src/C++.cpp
Invoking: GCC C++ Compiler
g++ -O0 -g3 -Wall -c -fmessage-length=0 -MMD -MP -MF"src/C++.d" -MT"src/C++.o" -o "src/C++.o" "../src/C++.cpp"
../src/C++.cpp:14:10: error: use of undeclared identifier 'bees'
        cout << bees();
                ^
../src/C++.cpp:17:1: error: unknown type name 'publlic'
publlic static void bees() {
^
2 errors generated.
make: *** [src/C++.o] Error 1
"make all" terminated with exit code 2. Build might be incomplete.
15:51:33 **** Incremental Build of configuration Debug for project C++ ****
make all 
Building file: ../src/C++.cpp
Invoking: GCC C++ Compiler
g++ -O0 -g3 -Wall -c -fmessage-length=0 -MMD -MP -MF"src/C++.d" -MT"src/C++.o" -o "src/C++.o" "../src/C++.cpp"
../src/C++.cpp:14:10: error: use of undeclared identifier 'bees'
        cout << bees();
                ^
1 error generated.
make: *** [src/C++.o] Error 1
"make all" terminated with exit code 2. Build might be incomplete.
15:51:39 **** Incremental Build of configuration Debug for project C++ ****
make all 
Building file: ../src/C++.cpp
Invoking: GCC C++ Compiler
g++ -O0 -g3 -Wall -c -fmessage-length=0 -MMD -MP -MF"src/C++.d" -MT"src/C++.o" -o "src/C++.o" "../src/C++.cpp"
../src/C++.cpp:14:2: error: use of undeclared identifier 'bees'
        bees();
        ^
1 error generated.
make: *** [src/C++.o] Error 1
"make all" terminated with exit code 2. Build might be incomplete.
15:54:29 **** Incremental Build of configuration Debug for project C++ ****
make all 
Building file: ../src/C++.cpp
Invoking: GCC C++ Compiler
g++ -O0 -g3 -Wall -c -fmessage-length=0 -MMD -MP -MF"src/C++.d" -MT"src/C++.o" -o "src/C++.o" "../src/C++.cpp"
../src/C++.cpp:14:2: error: unknown type name 'String'; did you mean 'string'?
        String a = "Hi";
        ^~~~~~
        string
/Library/Developer/CommandLineTools/usr/bin/../include/c++/v1/iosfwd:210:65: note: 'string' declared here
typedef basic_string<char, char_traits<char>, allocator<char> > string;
                                                                ^
1 error generated.
make: *** [src/C++.o] Error 1
"make all" terminated with exit code 2. Build might be incomplete.
15:54:36 **** Incremental Build of configuration Debug for project C++ ****
make all 
Building file: ../src/C++.cpp
Invoking: GCC C++ Compiler
g++ -O0 -g3 -Wall -c -fmessage-length=0 -MMD -MP -MF"src/C++.d" -MT"src/C++.o" -o "src/C++.o" "../src/C++.cpp"
../src/C++.cpp:28:1: warning: non-void function does not return a value [-Wreturn-type]
}
^
1 warning generated.
Finished building: ../src/C++.cpp
 
Building target: C++
Invoking: MacOS X C++ Linker
g++  -o "C++"  ./src/C++.o   
Finished building target: C++
 
15:55:02 **** Incremental Build of configuration Debug for project C++ ****
make all 
Building file: ../src/C++.cpp
Invoking: GCC C++ Compiler
g++ -O0 -g3 -Wall -c -fmessage-length=0 -MMD -MP -MF"src/C++.d" -MT"src/C++.o" -o "src/C++.o" "../src/C++.cpp"
../src/C++.cpp:14:10: error: use of undeclared identifier 'bees'
        cout << bees();
                ^
../src/C++.cpp:26:34: error: invalid operands to binary expression ('const char [23]' and 'int')
        return "The amount of bees in " << gen << " generation(s) is " << total << " bees(s)." << endl;
               ~~~~~~~~~~~~~~~~~~~~~~~~ ^  ~~~
2 errors generated.
make: *** [src/C++.o] Error 1
"make all" terminated with exit code 2. Build might be incomplete.
15:55:36 **** Incremental Build of configuration Debug for project C++ ****
make all 
Building file: ../src/C++.cpp
Invoking: GCC C++ Compiler
g++ -O0 -g3 -Wall -c -fmessage-length=0 -MMD -MP -MF"src/C++.d" -MT"src/C++.o" -o "src/C++.o" "../src/C++.cpp"
../src/C++.cpp:14:10: error: use of undeclared identifier 'bees'
        cout << bees();
                ^
1 error generated.
make: *** [src/C++.o] Error 1
"make all" terminated with exit code 2. Build might be incomplete.
15:56:20 **** Incremental Build of configuration Debug for project C++ ****
make all 
Building file: ../src/C++.cpp
Invoking: GCC C++ Compiler
g++ -O0 -g3 -Wall -c -fmessage-length=0 -MMD -MP -MF"src/C++.d" -MT"src/C++.o" -o "src/C++.o" "../src/C++.cpp"
../src/C++.cpp:14:10: error: use of undeclared identifier 'bees'
        cout << bees();
                ^
../src/C++.cpp:17:1: error: expected unqualified-id
public void bees() {
^
2 errors generated.
make: *** [src/C++.o] Error 1
"make all" terminated with exit code 2. Build might be incomplete.
15:56:25 **** Incremental Build of configuration Debug for project C++ ****
make all 
Building file: ../src/C++.cpp
Invoking: GCC C++ Compiler
g++ -O0 -g3 -Wall -c -fmessage-length=0 -MMD -MP -MF"src/C++.d" -MT"src/C++.o" -o "src/C++.o" "../src/C++.cpp"
../src/C++.cpp:14:10: error: use of undeclared identifier 'bees'
        cout << bees();
                ^
1 error generated.
make: *** [src/C++.o] Error 1
"make all" terminated with exit code 2. Build might be incomplete.
15:56:30 **** Incremental Build of configuration Debug for project C++ ****
make all 
Building file: ../src/C++.cpp
Invoking: GCC C++ Compiler
g++ -O0 -g3 -Wall -c -fmessage-length=0 -MMD -MP -MF"src/C++.d" -MT"src/C++.o" -o "src/C++.o" "../src/C++.cpp"
../src/C++.cpp:16:13: warning: unused function 'bees' [-Wunused-function]
static void bees() {
            ^
1 warning generated.
Finished building: ../src/C++.cpp
 
Building target: C++
Invoking: MacOS X C++ Linker
g++  -o "C++"  ./src/C++.o   
Finished building target: C++
 
16:00:29 **** Incremental Build of configuration Debug for project C++ ****
make all 
Building file: ../src/C++.cpp
Invoking: GCC C++ Compiler
g++ -O0 -g3 -Wall -c -fmessage-length=0 -MMD -MP -MF"src/C++.d" -MT"src/C++.o" -o "src/C++.o" "../src/C++.cpp"
../src/C++.cpp:14:2: error: use of undeclared identifier 'bees'
        bees();
        ^
1 error generated.
make: *** [src/C++.o] Error 1
"make all" terminated with exit code 2. Build might be incomplete.
16:00:33 **** Incremental Build of configuration Debug for project C++ ****
make all 
Building file: ../src/C++.cpp
Invoking: GCC C++ Compiler
g++ -O0 -g3 -Wall -c -fmessage-length=0 -MMD -MP -MF"src/C++.d" -MT"src/C++.o" -o "src/C++.o" "../src/C++.cpp"
../src/C++.cpp:14:2: error: use of undeclared identifier 'bees'
        bees;
        ^
1 error generated.
make: *** [src/C++.o] Error 1
"make all" terminated with exit code 2. Build might be incomplete.
16:00:43 **** Incremental Build of configuration Debug for project C++ ****
make all 
Building file: ../src/C++.cpp
Invoking: GCC C++ Compiler
g++ -O0 -g3 -Wall -c -fmessage-length=0 -MMD -MP -MF"src/C++.d" -MT"src/C++.o" -o "src/C++.o" "../src/C++.cpp"
../src/C++.cpp:14:2: error: use of undeclared identifier 'bees'
        bees();
        ^
1 error generated.
make: *** [src/C++.o] Error 1
"make all" terminated with exit code 2. Build might be incomplete.
16:02:07 **** Incremental Build of configuration Debug for project C++ ****
make all 
Building file: ../src/C++.cpp
Invoking: GCC C++ Compiler
g++ -O0 -g3 -Wall -c -fmessage-length=0 -MMD -MP -MF"src/C++.d" -MT"src/C++.o" -o "src/C++.o" "../src/C++.cpp"
../src/C++.cpp:11:10: fatal error: 'bees' file not found
#include <bees>
         ^~~~~~
1 error generated.
make: *** [src/C++.o] Error 1
"make all" terminated with exit code 2. Build might be incomplete.
16:03:38 **** Incremental Build of configuration Debug for project C++ ****
make all 
Building file: ../src/C++.cpp
Invoking: GCC C++ Compiler
g++ -O0 -g3 -Wall -c -fmessage-length=0 -MMD -MP -MF"src/C++.d" -MT"src/C++.o" -o "src/C++.o" "../src/C++.cpp"
../src/C++.cpp:11:10: fatal error: 'bees' file not found
#include <bees>
         ^~~~~~
1 error generated.
make: *** [src/C++.o] Error 1
"make all" terminated with exit code 2. Build might be incomplete.
16:03:56 **** Incremental Build of configuration Debug for project C++ ****
make all 
Building file: ../src/C++.cpp
Invoking: GCC C++ Compiler
g++ -O0 -g3 -Wall -c -fmessage-length=0 -MMD -MP -MF"src/C++.d" -MT"src/C++.o" -o "src/C++.o" "../src/C++.cpp"
../src/C++.cpp:15:2: error: use of undeclared identifier 'bees'
        bees();
        ^
1 error generated.
make: *** [src/C++.o] Error 1
"make all" terminated with exit code 2. Build might be incomplete.
16:05:05 **** Incremental Build of configuration Debug for project C++ ****
make all 
Building file: ../src/C++.cpp
Invoking: GCC C++ Compiler
g++ -O0 -g3 -Wall -c -fmessage-length=0 -MMD -MP -MF"src/C++.d" -MT"src/C++.o" -o "src/C++.o" "../src/C++.cpp"
Finished building: ../src/C++.cpp
 
Building target: C++
Invoking: MacOS X C++ Linker
g++  -o "C++"  ./src/C++.o   
Finished building target: C++
 
16:16:05 **** Incremental Build of configuration Debug for project C++ ****
make all 
Building file: ../src/C++.cpp
Invoking: GCC C++ Compiler
g++ -O0 -g3 -Wall -c -fmessage-length=0 -MMD -MP -MF"src/C++.d" -MT"src/C++.o" -o "src/C++.o" "../src/C++.cpp"
../src/C++.cpp:28:13: error: expected '(' for function-style cast or type construction
        cin >> int len;
               ~~~ ^
../src/C++.cpp:30:13: error: expected '(' for function-style cast or type construction
        cin >> int divisor;
               ~~~ ^
2 errors generated.
make: *** [src/C++.o] Error 1
"make all" terminated with exit code 2. Build might be incomplete.
16:17:47 **** Incremental Build of configuration Debug for project C++ ****
make all 
Building file: ../src/C++.cpp
Invoking: GCC C++ Compiler
g++ -O0 -g3 -Wall -c -fmessage-length=0 -MMD -MP -MF"src/C++.d" -MT"src/C++.o" -o "src/C++.o" "../src/C++.cpp"
../src/C++.cpp:20:14: error: implicit instantiation of undefined template 'std::__1::vector<int, std::__1::allocator<int> >'
        vector<int> numbers;
                    ^
/Library/Developer/CommandLineTools/usr/bin/../include/c++/v1/iosfwd:216:28: note: template is declared here
class _LIBCPP_TEMPLATE_VIS vector;
                           ^
1 error generated.
make: *** [src/C++.o] Error 1
"make all" terminated with exit code 2. Build might be incomplete.
16:18:08 **** Incremental Build of configuration Debug for project C++ ****
make all 
Building file: ../src/C++.cpp
Invoking: GCC C++ Compiler
g++ -O0 -g3 -Wall -c -fmessage-length=0 -MMD -MP -MF"src/C++.d" -MT"src/C++.o" -o "src/C++.o" "../src/C++.cpp"
../src/C++.cpp:23:6: error: invalid operands to binary expression ('std::__1::istream' (aka 'basic_istream<char>') and 'vector<int>')
        cin >> numbers;
        ~~~ ^  ~~~~~~~
/Library/Developer/CommandLineTools/usr/bin/../include/c++/v1/istream:220:20: note: candidate function not viable: no known conversion from 'vector<int>' to 'std::__1::basic_istream<char> &(*)(std::__1::basic_istream<char> &)' for 1st argument
    basic_istream& operator>>(basic_istream& (*__pf)(basic_istream&))
                   ^
/Library/Developer/CommandLineTools/usr/bin/../include/c++/v1/istream:224:20: note: candidate function not viable: no known conversion from 'vector<int>' to 'basic_ios<std::__1::basic_istream<char, std::__1::char_traits<char> >::char_type, std::__1::basic_istream<char, std::__1::char_traits<char> >::traits_type> &(*)(basic_ios<std::__1::basic_istream<char, std::__1::char_traits<char> >::char_type, std::__1::basic_istream<char, std::__1::char_traits<char> >::traits_type> &)' (aka 'basic_ios<char, std::__1::char_traits<char> > &(*)(basic_ios<char, std::__1::char_traits<char> > &)') for 1st argument
    basic_istream& operator>>(basic_ios<char_type, traits_type>&
                   ^
/Library/Developer/CommandLineTools/usr/bin/../include/c++/v1/istream:229:20: note: candidate function not viable: no known conversion from 'vector<int>' to 'std::__1::ios_base &(*)(std::__1::ios_base &)' for 1st argument
    basic_istream& operator>>(ios_base& (*__pf)(ios_base&))
                   ^
/Library/Developer/CommandLineTools/usr/bin/../include/c++/v1/istream:232:20: note: candidate function not viable: no known conversion from 'vector<int>' to 'basic_streambuf<std::__1::basic_istream<char, std::__1::char_traits<char> >::char_type, std::__1::basic_istream<char, std::__1::char_traits<char> >::traits_type> *' (aka 'basic_streambuf<char, std::__1::char_traits<char> > *') for 1st argument
    basic_istream& operator>>(basic_streambuf<char_type, traits_type>* __sb);
                   ^
/Library/Developer/CommandLineTools/usr/bin/../include/c++/v1/istream:233:20: note: candidate function not viable: no known conversion from 'vector<int>' to 'bool &' for 1st argument
    basic_istream& operator>>(bool& __n);
                   ^
/Library/Developer/CommandLineTools/usr/bin/../include/c++/v1/istream:234:20: note: candidate function not viable: no known conversion from 'vector<int>' to 'short &' for 1st argument
    basic_istream& operator>>(short& __n);
                   ^
/Library/Developer/CommandLineTools/usr/bin/../include/c++/v1/istream:235:20: note: candidate function not viable: no known conversion from 'vector<int>' to 'unsigned short &' for 1st argument
    basic_istream& operator>>(unsigned short& __n);
                   ^
/Library/Developer/CommandLineTools/usr/bin/../include/c++/v1/istream:236:20: note: candidate function not viable: no known conversion from 'vector<int>' to 'int &' for 1st argument
    basic_istream& operator>>(int& __n);
                   ^
/Library/Developer/CommandLineTools/usr/bin/../include/c++/v1/istream:237:20: note: candidate function not viable: no known conversion from 'vector<int>' to 'unsigned int &' for 1st argument
    basic_istream& operator>>(unsigned int& __n);
                   ^
/Library/Developer/CommandLineTools/usr/bin/../include/c++/v1/istream:238:20: note: candidate function not viable: no known conversion from 'vector<int>' to 'long &' for 1st argument
    basic_istream& operator>>(long& __n);
                   ^
/Library/Developer/CommandLineTools/usr/bin/../include/c++/v1/istream:239:20: note: candidate function not viable: no known conversion from 'vector<int>' to 'unsigned long &' for 1st argument
    basic_istream& operator>>(unsigned long& __n);
                   ^
/Library/Developer/CommandLineTools/usr/bin/../include/c++/v1/istream:240:20: note: candidate function not viable: no known conversion from 'vector<int>' to 'long long &' for 1st argument
    basic_istream& operator>>(long long& __n);
                   ^
/Library/Developer/CommandLineTools/usr/bin/../include/c++/v1/istream:241:20: note: candidate function not viable: no known conversion from 'vector<int>' to 'unsigned long long &' for 1st argument
    basic_istream& operator>>(unsigned long long& __n);
                   ^
/Library/Developer/CommandLineTools/usr/bin/../include/c++/v1/istream:242:20: note: candidate function not viable: no known conversion from 'vector<int>' to 'float &' for 1st argument
    basic_istream& operator>>(float& __f);
                   ^
/Library/Developer/CommandLineTools/usr/bin/../include/c++/v1/istream:243:20: note: candidate function not viable: no known conversion from 'vector<int>' to 'double &' for 1st argument
    basic_istream& operator>>(double& __f);
                   ^
/Library/Developer/CommandLineTools/usr/bin/../include/c++/v1/istream:244:20: note: candidate function not viable: no known conversion from 'vector<int>' to 'long double &' for 1st argument
    basic_istream& operator>>(long double& __f);
                   ^
/Library/Developer/CommandLineTools/usr/bin/../include/c++/v1/istream:245:20: note: candidate function not viable: no known conversion from 'vector<int>' to 'void *&' for 1st argument
    basic_istream& operator>>(void*& __p);
                   ^
/Library/Developer/CommandLineTools/usr/bin/../include/c++/v1/istream:626:1: note: candidate function template not viable: no known conversion from 'vector<int>' to 'unsigned char *' for 2nd argument
operator>>(basic_istream<char, _Traits>& __is, unsigned char* __s)
^
/Library/Developer/CommandLineTools/usr/bin/../include/c++/v1/istream:634:1: note: candidate function template not viable: no known conversion from 'vector<int>' to 'signed char *' for 2nd argument
operator>>(basic_istream<char, _Traits>& __is, signed char* __s)
^
/Library/Developer/CommandLineTools/usr/bin/../include/c++/v1/istream:678:1: note: candidate function template not viable: no known conversion from 'vector<int>' to 'unsigned char &' for 2nd argument
operator>>(basic_istream<char, _Traits>& __is, unsigned char& __c)
^
/Library/Developer/CommandLineTools/usr/bin/../include/c++/v1/istream:686:1: note: candidate function template not viable: no known conversion from 'vector<int>' to 'signed char &' for 2nd argument
operator>>(basic_istream<char, _Traits>& __is, signed char& __c)
^
/Library/Developer/CommandLineTools/usr/bin/../include/c++/v1/istream:643:1: note: candidate template ignored: deduced conflicting types for parameter '_CharT' ('char' vs. 'std::__1::vector<int, std::__1::allocator<int> >')
operator>>(basic_istream<_CharT, _Traits>& __is, _CharT& __c)
^
/Library/Developer/CommandLineTools/usr/bin/../include/c++/v1/istream:615:1: note: candidate template ignored: could not match '_CharT *' against 'vector<int>'
operator>>(basic_istream<_CharT, _Traits>& __is, _CharT* __s)
^
/Library/Developer/CommandLineTools/usr/bin/../include/c++/v1/istream:1451:1: note: candidate template ignored: could not match 'basic_string' against 'vector'
operator>>(basic_istream<_CharT, _Traits>& __is,
^
/Library/Developer/CommandLineTools/usr/bin/../include/c++/v1/istream:1591:1: note: candidate template ignored: could not match 'bitset' against 'vector'
operator>>(basic_istream<_CharT, _Traits>& __is, bitset<_Size>& __x)
^
1 error generated.
make: *** [src/C++.o] Error 1
"make all" terminated with exit code 2. Build might be incomplete.
16:18:57 **** Incremental Build of configuration Debug for project C++ ****
make all 
Building file: ../src/C++.cpp
Invoking: GCC C++ Compiler
g++ -O0 -g3 -Wall -c -fmessage-length=0 -MMD -MP -MF"src/C++.d" -MT"src/C++.o" -o "src/C++.o" "../src/C++.cpp"
Finished building: ../src/C++.cpp
 
Building target: C++
Invoking: MacOS X C++ Linker
g++  -o "C++"  ./src/C++.o   
Finished building target: C++
 
16:21:30 **** Incremental Build of configuration Debug for project C++ ****
make all 
Building file: ../src/C++.cpp
Invoking: GCC C++ Compiler
g++ -O0 -g3 -Wall -c -fmessage-length=0 -MMD -MP -MF"src/C++.d" -MT"src/C++.o" -o "src/C++.o" "../src/C++.cpp"
Finished building: ../src/C++.cpp
 
Building target: C++
Invoking: MacOS X C++ Linker
g++  -o "C++"  ./src/C++.o   
Finished building target: C++
 
16:22:57 **** Incremental Build of configuration Debug for project C++ ****
make all 
Building file: ../src/C++.cpp
Invoking: GCC C++ Compiler
g++ -O0 -g3 -Wall -c -fmessage-length=0 -MMD -MP -MF"src/C++.d" -MT"src/C++.o" -o "src/C++.o" "../src/C++.cpp"
Finished building: ../src/C++.cpp
 
Building target: C++
Invoking: MacOS X C++ Linker
g++  -o "C++"  ./src/C++.o   
Finished building target: C++
 
16:23:10 **** Incremental Build of configuration Debug for project C++ ****
make all 
Building file: ../src/C++.cpp
Invoking: GCC C++ Compiler
g++ -O0 -g3 -Wall -c -fmessage-length=0 -MMD -MP -MF"src/C++.d" -MT"src/C++.o" -o "src/C++.o" "../src/C++.cpp"
Finished building: ../src/C++.cpp
 
Building target: C++
Invoking: MacOS X C++ Linker
g++  -o "C++"  ./src/C++.o   
Finished building target: C++
 
16:23:52 **** Incremental Build of configuration Debug for project C++ ****
make all 
Building file: ../src/C++.cpp
Invoking: GCC C++ Compiler
g++ -O0 -g3 -Wall -c -fmessage-length=0 -MMD -MP -MF"src/C++.d" -MT"src/C++.o" -o "src/C++.o" "../src/C++.cpp"
Finished building: ../src/C++.cpp
 
Building target: C++
Invoking: MacOS X C++ Linker
g++  -o "C++"  ./src/C++.o   
Finished building target: C++
 
16:24:38 **** Incremental Build of configuration Debug for project C++ ****
make all 
Building file: ../src/C++.cpp
Invoking: GCC C++ Compiler
g++ -O0 -g3 -Wall -c -fmessage-length=0 -MMD -MP -MF"src/C++.d" -MT"src/C++.o" -o "src/C++.o" "../src/C++.cpp"
Finished building: ../src/C++.cpp
 
Building target: C++
Invoking: MacOS X C++ Linker
g++  -o "C++"  ./src/C++.o   
Finished building target: C++
 
16:25:12 **** Incremental Build of configuration Debug for project C++ ****
make all 
Building file: ../src/C++.cpp
Invoking: GCC C++ Compiler
g++ -O0 -g3 -Wall -c -fmessage-length=0 -MMD -MP -MF"src/C++.d" -MT"src/C++.o" -o "src/C++.o" "../src/C++.cpp"
Finished building: ../src/C++.cpp
 
Building target: C++
Invoking: MacOS X C++ Linker
g++  -o "C++"  ./src/C++.o   
Finished building target: C++
 
16:27:57 **** Incremental Build of configuration Debug for project C++ ****
make all 
Building file: ../src/C++.cpp
Invoking: GCC C++ Compiler
g++ -O0 -g3 -Wall -c -fmessage-length=0 -MMD -MP -MF"src/C++.d" -MT"src/C++.o" -o "src/C++.o" "../src/C++.cpp"
../src/C++.cpp:34:20: error: use of undeclared identifier 'number'; did you mean 'numbers'?
                        if(numbers[x] % number[y] == 0) {
                                        ^~~~~~
                                        numbers
../src/C++.cpp:21:14: note: 'numbers' declared here
        vector<int> numbers;
                    ^
1 error generated.
make: *** [src/C++.o] Error 1
"make all" terminated with exit code 2. Build might be incomplete.
16:28:05 **** Incremental Build of configuration Debug for project C++ ****
make all 
Building file: ../src/C++.cpp
Invoking: GCC C++ Compiler
g++ -O0 -g3 -Wall -c -fmessage-length=0 -MMD -MP -MF"src/C++.d" -MT"src/C++.o" -o "src/C++.o" "../src/C++.cpp"
Finished building: ../src/C++.cpp
 
Building target: C++
Invoking: MacOS X C++ Linker
g++  -o "C++"  ./src/C++.o   
Finished building target: C++
 
16:29:09 **** Incremental Build of configuration Debug for project C++ ****
make all 
Building file: ../src/C++.cpp
Invoking: GCC C++ Compiler
g++ -O0 -g3 -Wall -c -fmessage-length=0 -MMD -MP -MF"src/C++.d" -MT"src/C++.o" -o "src/C++.o" "../src/C++.cpp"
Finished building: ../src/C++.cpp
 
Building target: C++
Invoking: MacOS X C++ Linker
g++  -o "C++"  ./src/C++.o   
Finished building target: C++
 
16:31:02 **** Incremental Build of configuration Debug for project C++ ****
make all 
Building file: ../src/C++.cpp
Invoking: GCC C++ Compiler
g++ -O0 -g3 -Wall -c -fmessage-length=0 -MMD -MP -MF"src/C++.d" -MT"src/C++.o" -o "src/C++.o" "../src/C++.cpp"
Finished building: ../src/C++.cpp
 
Building target: C++
Invoking: MacOS X C++ Linker
g++  -o "C++"  ./src/C++.o   
Finished building target: C++
 
16:31:22 **** Incremental Build of configuration Debug for project C++ ****
make all 
Building file: ../src/C++.cpp
Invoking: GCC C++ Compiler
g++ -O0 -g3 -Wall -c -fmessage-length=0 -MMD -MP -MF"src/C++.d" -MT"src/C++.o" -o "src/C++.o" "../src/C++.cpp"
Finished building: ../src/C++.cpp
 
Building target: C++
Invoking: MacOS X C++ Linker
g++  -o "C++"  ./src/C++.o   
Finished building target: C++
 
16:31:47 **** Incremental Build of configuration Debug for project C++ ****
make all 
Building file: ../src/C++.cpp
Invoking: GCC C++ Compiler
g++ -O0 -g3 -Wall -c -fmessage-length=0 -MMD -MP -MF"src/C++.d" -MT"src/C++.o" -o "src/C++.o" "../src/C++.cpp"
Finished building: ../src/C++.cpp
 
Building target: C++
Invoking: MacOS X C++ Linker
g++  -o "C++"  ./src/C++.o   
Finished building target: C++
 
16:32:18 **** Incremental Build of configuration Debug for project C++ ****
make all 
Building file: ../src/C++.cpp
Invoking: GCC C++ Compiler
g++ -O0 -g3 -Wall -c -fmessage-length=0 -MMD -MP -MF"src/C++.d" -MT"src/C++.o" -o "src/C++.o" "../src/C++.cpp"
Finished building: ../src/C++.cpp
 
Building target: C++
Invoking: MacOS X C++ Linker
g++  -o "C++"  ./src/C++.o   
Finished building target: C++
 
16:45:17 **** Incremental Build of configuration Debug for project C++ ****
make all 
Building file: ../src/C++.cpp
Invoking: GCC C++ Compiler
g++ -O0 -g3 -Wall -c -fmessage-length=0 -MMD -MP -MF"src/C++.d" -MT"src/C++.o" -o "src/C++.o" "../src/C++.cpp"
Finished building: ../src/C++.cpp
 
Building target: C++
Invoking: MacOS X C++ Linker
g++  -o "C++"  ./src/C++.o   
Finished building target: C++
 
20:51:24 **** Incremental Build of configuration Debug for project C++ ****
make all 
Building file: ../src/C++.cpp
Invoking: GCC C++ Compiler
g++ -O0 -g3 -Wall -c -fmessage-length=0 -MMD -MP -MF"src/C++.d" -MT"src/C++.o" -o "src/C++.o" "../src/C++.cpp"
../src/C++.cpp:21:2: error: use of undeclared identifier 'divisionalSums'
        divisionalSums();
        ^
1 error generated.
make: *** [src/C++.o] Error 1
"make all" terminated with exit code 2. Build might be incomplete.
00:27:51 **** Build of configuration Debug for project C++ ****
make all 
Building file: ../src/C++.cpp
Invoking: GCC C++ Compiler
g++ -O0 -g3 -Wall -c -fmessage-length=0 -MMD -MP -MF"src/C++.d" -MT"src/C++.o" -o "src/C++.o" "../src/C++.cpp"
Finished building: ../src/C++.cpp
 
Building target: C++
Invoking: MacOS X C++ Linker
g++  -o "C++"  ./src/C++.o   
Finished building target: C++
 
13:11:44 **** Build of configuration Debug for project C++ ****
make all 
Building file: ../src/C++.cpp
Invoking: GCC C++ Compiler
g++ -O0 -g3 -Wall -c -fmessage-length=0 -MMD -MP -MF"src/C++.d" -MT"src/C++.o" -o "src/C++.o" "../src/C++.cpp"
Finished building: ../src/C++.cpp
 
Building target: C++
Invoking: MacOS X C++ Linker
g++  -o "C++"  ./src/C++.o   
Finished building target: C++
 
21:26:07 **** Incremental Build of configuration Debug for project C++ ****
make all 
make: Nothing to be done for `all'.
21:49:05 **** Build of configuration Debug for project C++ ****
make all 
make: Nothing to be done for `all'.
22:57:23 **** Build of configuration Debug for project Autoclicker-C++ ****
make all 
Building file: ../Main.cpp
Invoking: GCC C++ Compiler
g++ -O0 -g3 -Wall -c -fmessage-length=0 -MMD -MP -MF"Main.d" -MT"Main.o" -o "Main.o" "../Main.cpp"
Finished building: ../Main.cpp
 
Building target: Autoclicker-C++
Invoking: MacOS X C++ Linker
g++  -o "Autoclicker-C++"  ./Main.o   
Undefined symbols for architecture x86_64:
  "_main", referenced from:
     implicit entry/start for main executable
ld: symbol(s) not found for architecture x86_64
clang: error: linker command failed with exit code 1 (use -v to see invocation)
make: *** [Autoclicker-C++] Error 1
"make all" terminated with exit code 2. Build might be incomplete.
22:57:25 **** Build of configuration Debug for project C++ ****
make all 
make: Nothing to be done for `all'.
22:58:25 **** Incremental Build of configuration Debug for project Autoclicker-C++ ****
make all 
Building target: Autoclicker-C++
Invoking: MacOS X C++ Linker
g++  -o "Autoclicker-C++"  ./Main.o   
Undefined symbols for architecture x86_64:
  "_main", referenced from:
     implicit entry/start for main executable
ld: symbol(s) not found for architecture x86_64
clang: error: linker command failed with exit code 1 (use -v to see invocation)
make: *** [Autoclicker-C++] Error 1
"make all" terminated with exit code 2. Build might be incomplete.
22:58:25 **** Incremental Build of configuration Debug for project C++ ****
make all 
make: Nothing to be done for `all'.
18:21:33 **** Build of configuration Debug for project C++ ****
make all 
Building file: ../src/C++.cpp
Invoking: GCC C++ Compiler
g++ -O0 -g3 -Wall -c -fmessage-length=0 -MMD -MP -MF"src/C++.d" -MT"src/C++.o" -o "src/C++.o" "../src/C++.cpp"
Finished building: ../src/C++.cpp
 
Building target: C++
Invoking: MacOS X C++ Linker
g++  -o "C++"  ./src/C++.o   
Finished building target: C++
 
18:22:20 **** Incremental Build of configuration Debug for project C++ ****
make all 
make: Nothing to be done for `all'.
21:34:49 **** Build of configuration Debug for project C++ ****
make all 
make: Nothing to be done for `all'.
21:34:49 **** Build of configuration Debug for project C++ Arm ****
make all 
Building file: ../src/main.cpp
Invoking: GNU Arm Cross C++ Compiler
arm-none-eabi-g++ -mcpu=cortex-m3 -mthumb -O0 -fmessage-length=0 -fsigned-char -ffunction-sections -fdata-sections  -g3 -std=gnu++11 -fabi-version=0 -MMD -MP -MF"src/main.d" -MT"src/main.o" -c -o "src/main.o" "../src/main.cpp"
/bin/sh: arm-none-eabi-g++: command not found
make: *** [src/main.o] Error 127
"make all" terminated with exit code 2. Build might be incomplete.
21:37:57 **** Incremental Build of configuration Debug for project C++ ****
make all 
make: Nothing to be done for `all'.
21:37:58 **** Incremental Build of configuration Debug for project C++ Arm ****
make all 
Building file: ../src/main.cpp
Invoking: GNU Arm Cross C++ Compiler
arm-none-eabi-g++ -mcpu=cortex-m3 -mthumb -O0 -fmessage-length=0 -fsigned-char -ffunction-sections -fdata-sections  -g3 -std=gnu++11 -fabi-version=0 -MMD -MP -MF"src/main.d" -MT"src/main.o" -c -o "src/main.o" "../src/main.cpp"
/bin/sh: arm-none-eabi-g++: command not found
make: *** [src/main.o] Error 127
"make all" terminated with exit code 2. Build might be incomplete.
21:38:40 **** Incremental Build of configuration Debug for project C++ ****
make all 
make: Nothing to be done for `all'.
21:38:41 **** Incremental Build of configuration Debug for project C++ Arm ****
make all 
Building file: ../src/main.cpp
Invoking: GNU Arm Cross C++ Compiler
arm-none-eabi-g++ -mcpu=cortex-m3 -mthumb -O0 -fmessage-length=0 -fsigned-char -ffunction-sections -fdata-sections  -g3 -std=gnu++11 -fabi-version=0 -MMD -MP -MF"src/main.d" -MT"src/main.o" -c -o "src/main.o" "../src/main.cpp"
/bin/sh: arm-none-eabi-g++: command not found
make: *** [src/main.o] Error 127
"make all" terminated with exit code 2. Build might be incomplete.
21:40:08 **** Incremental Build of configuration Debug for project C++ ****
make all 
make: Nothing to be done for `all'.
21:40:08 **** Incremental Build of configuration Debug for project C++ Arm ****
make all 
Building file: ../src/main.cpp
Invoking: GNU Arm Cross C++ Compiler
arm-none-eabi-g++ -mcpu=cortex-m3 -mthumb -O0 -fmessage-length=0 -fsigned-char -ffunction-sections -fdata-sections  -g3 -std=gnu++11 -fabi-version=0 -MMD -MP -MF"src/main.d" -MT"src/main.o" -c -o "src/main.o" "../src/main.cpp"
/bin/sh: arm-none-eabi-g++: command not found
make: *** [src/main.o] Error 127
"make all" terminated with exit code 2. Build might be incomplete.
21:40:17 **** Incremental Build of configuration Debug for project C++ ****
make all 
make: Nothing to be done for `all'.
21:40:18 **** Incremental Build of configuration Debug for project C++ Arm ****
make all 
Building file: ../src/main.cpp
Invoking: GNU Arm Cross C++ Compiler
arm-none-eabi-g++ -mcpu=cortex-m3 -mthumb -O0 -fmessage-length=0 -fsigned-char -ffunction-sections -fdata-sections  -g3 -std=gnu++11 -fabi-version=0 -MMD -MP -MF"src/main.d" -MT"src/main.o" -c -o "src/main.o" "../src/main.cpp"
/bin/sh: arm-none-eabi-g++: command not found
make: *** [src/main.o] Error 127
"make all" terminated with exit code 2. Build might be incomplete.
22:09:51 **** Incremental Build of configuration Debug for project C++ ****
make all 
Building file: ../src/C++.cpp
Invoking: GCC C++ Compiler
g++ -O0 -g3 -Wall -c -fmessage-length=0 -MMD -MP -MF"src/C++.d" -MT"src/C++.o" -o "src/C++.o" "../src/C++.cpp"
../src/C++.cpp:23:13: error: brackets are not allowed here; to declare an array, place the brackets after the name
                        int[] arr;
                           ~~    ^
                                 []
../src/C++.cpp:23:10: error: definition of variable with array type needs an explicit size or an initializer
                        int[] arr;
                              ^
../src/C++.cpp:24:4: error: use of undeclared identifier 'System'; did you mean 'system'?
                        System.out.println("Enter size:");
                        ^~~~~~
                        system
/Library/Developer/CommandLineTools/SDKs/MacOSX.sdk/usr/include/stdlib.h:190:6: note: 'system' declared here
int      system(const char *) __DARWIN_ALIAS_C(system);
         ^
../src/C++.cpp:24:10: error: member reference base type 'int (const char *)' is not a structure or union
                        System.out.println("Enter size:");
                        ~~~~~~^~~~
../src/C++.cpp:25:8: error: use of undeclared identifier 'in'
                        n = in.nextInt();
                            ^
../src/C++.cpp:26:4: error: use of undeclared identifier 'System'; did you mean 'system'?
                        System.out.println("Enter duplicate number to find:");
                        ^~~~~~
                        system
/Library/Developer/CommandLineTools/SDKs/MacOSX.sdk/usr/include/stdlib.h:190:6: note: 'system' declared here
int      system(const char *) __DARWIN_ALIAS_C(system);
         ^
../src/C++.cpp:26:10: error: member reference base type 'int (const char *)' is not a structure or union
                        System.out.println("Enter duplicate number to find:");
                        ~~~~~~^~~~
../src/C++.cpp:27:8: error: use of undeclared identifier 'in'
                        k = in.nextInt();
                            ^
../src/C++.cpp:29:4: error: use of undeclared identifier 'System'; did you mean 'system'?
                        System.out.println("Enter numbers:");
                        ^~~~~~
                        system
/Library/Developer/CommandLineTools/SDKs/MacOSX.sdk/usr/include/stdlib.h:190:6: note: 'system' declared here
int      system(const char *) __DARWIN_ALIAS_C(system);
         ^
../src/C++.cpp:29:10: error: member reference base type 'int (const char *)' is not a structure or union
                        System.out.println("Enter numbers:");
                        ~~~~~~^~~~
../src/C++.cpp:32:14: error: use of undeclared identifier 'in'
                                arr[i] = in.nextInt();
                                         ^
../src/C++.cpp:34:4: error: use of undeclared identifier 'in'
                        in.close();
                        ^
../src/C++.cpp:35:4: error: use of undeclared identifier 'Arrays'; did you mean 'array'?
                        Arrays.sort(arr);
                        ^~~~~~
                        array
/Library/Developer/CommandLineTools/usr/bin/../include/c++/v1/__tuple:219:64: note: 'array' declared here
template <class _Tp, size_t _Size> struct _LIBCPP_TEMPLATE_VIS array;
                                                               ^
../src/C++.cpp:35:4: error: use of undeclared identifier 'Arrays'; did you mean 'array'?
                        Arrays.sort(arr);
                        ^~~~~~
                        array
/Library/Developer/CommandLineTools/usr/bin/../include/c++/v1/__tuple:219:64: note: 'array' declared here
template <class _Tp, size_t _Size> struct _LIBCPP_TEMPLATE_VIS array;
                                                               ^
../src/C++.cpp:35:4: error: unknown type name 'Arrays'
                        Arrays.sort(arr);
                        ^
../src/C++.cpp:35:10: error: cannot use dot operator on a type
                        Arrays.sort(arr);
                              ^
../src/C++.cpp:44:5: error: use of undeclared identifier 'System'; did you mean 'system'?
                                System.out.println("There are " + count + " duplicate numbers.");
                                ^~~~~~
                                system
/Library/Developer/CommandLineTools/SDKs/MacOSX.sdk/usr/include/stdlib.h:190:6: note: 'system' declared here
int      system(const char *) __DARWIN_ALIAS_C(system);
         ^
../src/C++.cpp:44:11: error: member reference base type 'int (const char *)' is not a structure or union
                                System.out.println("There are " + count + " duplicate numbers.");
                                ~~~~~~^~~~
../src/C++.cpp:44:37: warning: adding 'int' to a string does not append to the string [-Wstring-plus-int]
                                System.out.println("There are " + count + " duplicate numbers.");
                                                   ~~~~~~~~~~~~~^~~~~~~
../src/C++.cpp:44:37: note: use array indexing to silence this warning
                                System.out.println("There are " + count + " duplicate numbers.");
                                                                ^
                                                   &            [      ]
../src/C++.cpp:44:45: error: invalid operands to binary expression ('const char *' and 'const char [20]')
                                System.out.println("There are " + count + " duplicate numbers.");
                                                   ~~~~~~~~~~~~~~~~~~~~ ^ ~~~~~~~~~~~~~~~~~~~~~
fatal error: too many errors emitted, stopping now [-ferror-limit=]
1 warning and 20 errors generated.
make: *** [src/C++.o] Error 1
"make all" terminated with exit code 2. Build might be incomplete.
22:11:19 **** Incremental Build of configuration Debug for project C++ ****
make all 
Building file: ../src/C++.cpp
Invoking: GCC C++ Compiler
g++ -O0 -g3 -Wall -c -fmessage-length=0 -MMD -MP -MF"src/C++.d" -MT"src/C++.o" -o "src/C++.o" "../src/C++.cpp"
../src/C++.cpp:23:11: error: brackets are not allowed here; to declare an array, place the brackets after the name
        int[] arr;
           ~~    ^
                 []
../src/C++.cpp:23:8: error: definition of variable with array type needs an explicit size or an initializer
        int[] arr;
              ^
../src/C++.cpp:26:2: error: use of undeclared identifier 'System'; did you mean 'system'?
        System.out.println("Enter duplicate number to find:");
        ^~~~~~
        system
/Library/Developer/CommandLineTools/SDKs/MacOSX.sdk/usr/include/stdlib.h:190:6: note: 'system' declared here
int      system(const char *) __DARWIN_ALIAS_C(system);
         ^
../src/C++.cpp:26:8: error: member reference base type 'int (const char *)' is not a structure or union
        System.out.println("Enter duplicate number to find:");
        ~~~~~~^~~~
../src/C++.cpp:27:6: error: use of undeclared identifier 'in'
        k = in.nextInt();
            ^
../src/C++.cpp:29:2: error: use of undeclared identifier 'System'; did you mean 'system'?
        System.out.println("Enter numbers:");
        ^~~~~~
        system
/Library/Developer/CommandLineTools/SDKs/MacOSX.sdk/usr/include/stdlib.h:190:6: note: 'system' declared here
int      system(const char *) __DARWIN_ALIAS_C(system);
         ^
../src/C++.cpp:29:8: error: member reference base type 'int (const char *)' is not a structure or union
        System.out.println("Enter numbers:");
        ~~~~~~^~~~
../src/C++.cpp:32:12: error: use of undeclared identifier 'in'
                arr[i] = in.nextInt();
                         ^
../src/C++.cpp:34:2: error: use of undeclared identifier 'in'
        in.close();
        ^
../src/C++.cpp:35:2: error: use of undeclared identifier 'Arrays'; did you mean 'array'?
        Arrays.sort(arr);
        ^~~~~~
        array
/Library/Developer/CommandLineTools/usr/bin/../include/c++/v1/__tuple:219:64: note: 'array' declared here
template <class _Tp, size_t _Size> struct _LIBCPP_TEMPLATE_VIS array;
                                                               ^
../src/C++.cpp:35:2: error: use of undeclared identifier 'Arrays'; did you mean 'array'?
        Arrays.sort(arr);
        ^~~~~~
        array
/Library/Developer/CommandLineTools/usr/bin/../include/c++/v1/__tuple:219:64: note: 'array' declared here
template <class _Tp, size_t _Size> struct _LIBCPP_TEMPLATE_VIS array;
                                                               ^
../src/C++.cpp:35:2: error: unknown type name 'Arrays'
        Arrays.sort(arr);
        ^
../src/C++.cpp:35:8: error: cannot use dot operator on a type
        Arrays.sort(arr);
              ^
../src/C++.cpp:44:3: error: use of undeclared identifier 'System'; did you mean 'system'?
                System.out.println("There are " + count + " duplicate numbers.");
                ^~~~~~
                system
/Library/Developer/CommandLineTools/SDKs/MacOSX.sdk/usr/include/stdlib.h:190:6: note: 'system' declared here
int      system(const char *) __DARWIN_ALIAS_C(system);
         ^
../src/C++.cpp:44:9: error: member reference base type 'int (const char *)' is not a structure or union
                System.out.println("There are " + count + " duplicate numbers.");
                ~~~~~~^~~~
../src/C++.cpp:44:35: warning: adding 'int' to a string does not append to the string [-Wstring-plus-int]
                System.out.println("There are " + count + " duplicate numbers.");
                                   ~~~~~~~~~~~~~^~~~~~~
../src/C++.cpp:44:35: note: use array indexing to silence this warning
                System.out.println("There are " + count + " duplicate numbers.");
                                                ^
                                   &            [      ]
../src/C++.cpp:44:43: error: invalid operands to binary expression ('const char *' and 'const char [20]')
                System.out.println("There are " + count + " duplicate numbers.");
                                   ~~~~~~~~~~~~~~~~~~~~ ^ ~~~~~~~~~~~~~~~~~~~~~
../src/C++.cpp:48:3: error: use of undeclared identifier 'System'; did you mean 'system'?
                System.out.println("There are no duplicate numbers of " + k + ".");
                ^~~~~~
                system
/Library/Developer/CommandLineTools/SDKs/MacOSX.sdk/usr/include/stdlib.h:190:6: note: 'system' declared here
int      system(const char *) __DARWIN_ALIAS_C(system);
         ^
../src/C++.cpp:48:9: error: member reference base type 'int (const char *)' is not a structure or union
                System.out.println("There are no duplicate numbers of " + k + ".");
                ~~~~~~^~~~
../src/C++.cpp:48:59: warning: adding 'int' to a string does not append to the string [-Wstring-plus-int]
                System.out.println("There are no duplicate numbers of " + k + ".");
                                   ~~~~~~~~~~~~~~~~~~~~~~~~~~~~~~~~~~~~~^~~
../src/C++.cpp:48:59: note: use array indexing to silence this warning
                System.out.println("There are no duplicate numbers of " + k + ".");
                                                                        ^
                                   &                                    [  ]
../src/C++.cpp:48:63: error: invalid operands to binary expression ('const char *' and 'const char [2]')
                System.out.println("There are no duplicate numbers of " + k + ".");
                                   ~~~~~~~~~~~~~~~~~~~~~~~~~~~~~~~~~~~~~~~~ ^ ~~~
2 warnings and 19 errors generated.
make: *** [src/C++.o] Error 1
"make all" terminated with exit code 2. Build might be incomplete.
22:11:38 **** Incremental Build of configuration Debug for project C++ ****
make all 
Building file: ../src/C++.cpp
Invoking: GCC C++ Compiler
g++ -O0 -g3 -Wall -c -fmessage-length=0 -MMD -MP -MF"src/C++.d" -MT"src/C++.o" -o "src/C++.o" "../src/C++.cpp"
../src/C++.cpp:23:11: error: brackets are not allowed here; to declare an array, place the brackets after the name
        int[] arr;
           ~~    ^
                 []
../src/C++.cpp:23:8: error: definition of variable with array type needs an explicit size or an initializer
        int[] arr;
              ^
../src/C++.cpp:26:2: error: use of undeclared identifier 'System'; did you mean 'system'?
        System.out.println("Enter duplicate number to find:");
        ^~~~~~
        system
/Library/Developer/CommandLineTools/SDKs/MacOSX.sdk/usr/include/stdlib.h:190:6: note: 'system' declared here
int      system(const char *) __DARWIN_ALIAS_C(system);
         ^
../src/C++.cpp:26:8: error: member reference base type 'int (const char *)' is not a structure or union
        System.out.println("Enter duplicate number to find:");
        ~~~~~~^~~~
../src/C++.cpp:27:6: error: use of undeclared identifier 'in'
        k = in.nextInt();
            ^
../src/C++.cpp:29:2: error: use of undeclared identifier 'System'; did you mean 'system'?
        System.out.println("Enter numbers:");
        ^~~~~~
        system
/Library/Developer/CommandLineTools/SDKs/MacOSX.sdk/usr/include/stdlib.h:190:6: note: 'system' declared here
int      system(const char *) __DARWIN_ALIAS_C(system);
         ^
../src/C++.cpp:29:8: error: member reference base type 'int (const char *)' is not a structure or union
        System.out.println("Enter numbers:");
        ~~~~~~^~~~
../src/C++.cpp:32:12: error: use of undeclared identifier 'in'
                arr[i] = in.nextInt();
                         ^
../src/C++.cpp:34:2: error: use of undeclared identifier 'in'
        in.close();
        ^
../src/C++.cpp:35:2: error: use of undeclared identifier 'Arrays'; did you mean 'array'?
        Arrays.sort(arr);
        ^~~~~~
        array
/Library/Developer/CommandLineTools/usr/bin/../include/c++/v1/__tuple:219:64: note: 'array' declared here
template <class _Tp, size_t _Size> struct _LIBCPP_TEMPLATE_VIS array;
                                                               ^
../src/C++.cpp:35:2: error: use of undeclared identifier 'Arrays'; did you mean 'array'?
        Arrays.sort(arr);
        ^~~~~~
        array
/Library/Developer/CommandLineTools/usr/bin/../include/c++/v1/__tuple:219:64: note: 'array' declared here
template <class _Tp, size_t _Size> struct _LIBCPP_TEMPLATE_VIS array;
                                                               ^
../src/C++.cpp:35:2: error: unknown type name 'Arrays'
        Arrays.sort(arr);
        ^
../src/C++.cpp:35:8: error: cannot use dot operator on a type
        Arrays.sort(arr);
              ^
../src/C++.cpp:44:3: error: use of undeclared identifier 'System'; did you mean 'system'?
                System.out.println("There are " + count + " duplicate numbers.");
                ^~~~~~
                system
/Library/Developer/CommandLineTools/SDKs/MacOSX.sdk/usr/include/stdlib.h:190:6: note: 'system' declared here
int      system(const char *) __DARWIN_ALIAS_C(system);
         ^
../src/C++.cpp:44:9: error: member reference base type 'int (const char *)' is not a structure or union
                System.out.println("There are " + count + " duplicate numbers.");
                ~~~~~~^~~~
../src/C++.cpp:44:35: warning: adding 'int' to a string does not append to the string [-Wstring-plus-int]
                System.out.println("There are " + count + " duplicate numbers.");
                                   ~~~~~~~~~~~~~^~~~~~~
../src/C++.cpp:44:35: note: use array indexing to silence this warning
                System.out.println("There are " + count + " duplicate numbers.");
                                                ^
                                   &            [      ]
../src/C++.cpp:44:43: error: invalid operands to binary expression ('const char *' and 'const char [20]')
                System.out.println("There are " + count + " duplicate numbers.");
                                   ~~~~~~~~~~~~~~~~~~~~ ^ ~~~~~~~~~~~~~~~~~~~~~
../src/C++.cpp:48:3: error: use of undeclared identifier 'System'; did you mean 'system'?
                System.out.println("There are no duplicate numbers of " + k + ".");
                ^~~~~~
                system
/Library/Developer/CommandLineTools/SDKs/MacOSX.sdk/usr/include/stdlib.h:190:6: note: 'system' declared here
int      system(const char *) __DARWIN_ALIAS_C(system);
         ^
../src/C++.cpp:48:9: error: member reference base type 'int (const char *)' is not a structure or union
                System.out.println("There are no duplicate numbers of " + k + ".");
                ~~~~~~^~~~
../src/C++.cpp:48:59: warning: adding 'int' to a string does not append to the string [-Wstring-plus-int]
                System.out.println("There are no duplicate numbers of " + k + ".");
                                   ~~~~~~~~~~~~~~~~~~~~~~~~~~~~~~~~~~~~~^~~
../src/C++.cpp:48:59: note: use array indexing to silence this warning
                System.out.println("There are no duplicate numbers of " + k + ".");
                                                                        ^
                                   &                                    [  ]
../src/C++.cpp:48:63: error: invalid operands to binary expression ('const char *' and 'const char [2]')
                System.out.println("There are no duplicate numbers of " + k + ".");
                                   ~~~~~~~~~~~~~~~~~~~~~~~~~~~~~~~~~~~~~~~~ ^ ~~~
2 warnings and 19 errors generated.
make: *** [src/C++.o] Error 1
"make all" terminated with exit code 2. Build might be incomplete.
22:11:52 **** Incremental Build of configuration Debug for project C++ ****
make all 
Building file: ../src/C++.cpp
Invoking: GCC C++ Compiler
g++ -O0 -g3 -Wall -c -fmessage-length=0 -MMD -MP -MF"src/C++.d" -MT"src/C++.o" -o "src/C++.o" "../src/C++.cpp"
../src/C++.cpp:23:9: error: use of undeclared identifier 'Int'; did you mean 'int'?
        vector<Int> arr;
               ^~~
               int
../src/C++.cpp:26:2: error: use of undeclared identifier 'System'; did you mean 'system'?
        System.out.println("Enter duplicate number to find:");
        ^~~~~~
        system
/Library/Developer/CommandLineTools/SDKs/MacOSX.sdk/usr/include/stdlib.h:190:6: note: 'system' declared here
int      system(const char *) __DARWIN_ALIAS_C(system);
         ^
../src/C++.cpp:26:8: error: member reference base type 'int (const char *)' is not a structure or union
        System.out.println("Enter duplicate number to find:");
        ~~~~~~^~~~
../src/C++.cpp:27:6: error: use of undeclared identifier 'in'
        k = in.nextInt();
            ^
../src/C++.cpp:28:6: error: no viable overloaded '='
        arr = new int[n];
        ~~~ ^ ~~~~~~~~~~
/Library/Developer/CommandLineTools/usr/bin/../include/c++/v1/vector:560:13: note: candidate function not viable: no known conversion from 'int *' to 'const std::__1::vector<int, std::__1::allocator<int> >' for 1st argument
    vector& operator=(const vector& __x);
            ^
../src/C++.cpp:29:2: error: use of undeclared identifier 'System'; did you mean 'system'?
        System.out.println("Enter numbers:");
        ^~~~~~
        system
/Library/Developer/CommandLineTools/SDKs/MacOSX.sdk/usr/include/stdlib.h:190:6: note: 'system' declared here
int      system(const char *) __DARWIN_ALIAS_C(system);
         ^
../src/C++.cpp:29:8: error: member reference base type 'int (const char *)' is not a structure or union
        System.out.println("Enter numbers:");
        ~~~~~~^~~~
../src/C++.cpp:32:12: error: use of undeclared identifier 'in'
                arr[i] = in.nextInt();
                         ^
../src/C++.cpp:34:2: error: use of undeclared identifier 'in'
        in.close();
        ^
../src/C++.cpp:35:2: error: use of undeclared identifier 'Arrays'; did you mean 'array'?
        Arrays.sort(arr);
        ^~~~~~
        array
/Library/Developer/CommandLineTools/usr/bin/../include/c++/v1/__tuple:219:64: note: 'array' declared here
template <class _Tp, size_t _Size> struct _LIBCPP_TEMPLATE_VIS array;
                                                               ^
../src/C++.cpp:35:2: error: use of undeclared identifier 'Arrays'; did you mean 'array'?
        Arrays.sort(arr);
        ^~~~~~
        array
/Library/Developer/CommandLineTools/usr/bin/../include/c++/v1/__tuple:219:64: note: 'array' declared here
template <class _Tp, size_t _Size> struct _LIBCPP_TEMPLATE_VIS array;
                                                               ^
../src/C++.cpp:35:2: error: unknown type name 'Arrays'
        Arrays.sort(arr);
        ^
../src/C++.cpp:35:8: error: cannot use dot operator on a type
        Arrays.sort(arr);
              ^
../src/C++.cpp:44:3: error: use of undeclared identifier 'System'; did you mean 'system'?
                System.out.println("There are " + count + " duplicate numbers.");
                ^~~~~~
                system
/Library/Developer/CommandLineTools/SDKs/MacOSX.sdk/usr/include/stdlib.h:190:6: note: 'system' declared here
int      system(const char *) __DARWIN_ALIAS_C(system);
         ^
../src/C++.cpp:44:9: error: member reference base type 'int (const char *)' is not a structure or union
                System.out.println("There are " + count + " duplicate numbers.");
                ~~~~~~^~~~
../src/C++.cpp:44:35: warning: adding 'int' to a string does not append to the string [-Wstring-plus-int]
                System.out.println("There are " + count + " duplicate numbers.");
                                   ~~~~~~~~~~~~~^~~~~~~
../src/C++.cpp:44:35: note: use array indexing to silence this warning
                System.out.println("There are " + count + " duplicate numbers.");
                                                ^
                                   &            [      ]
../src/C++.cpp:44:43: error: invalid operands to binary expression ('const char *' and 'const char [20]')
                System.out.println("There are " + count + " duplicate numbers.");
                                   ~~~~~~~~~~~~~~~~~~~~ ^ ~~~~~~~~~~~~~~~~~~~~~
../src/C++.cpp:48:3: error: use of undeclared identifier 'System'; did you mean 'system'?
                System.out.println("There are no duplicate numbers of " + k + ".");
                ^~~~~~
                system
/Library/Developer/CommandLineTools/SDKs/MacOSX.sdk/usr/include/stdlib.h:190:6: note: 'system' declared here
int      system(const char *) __DARWIN_ALIAS_C(system);
         ^
../src/C++.cpp:48:9: error: member reference base type 'int (const char *)' is not a structure or union
                System.out.println("There are no duplicate numbers of " + k + ".");
                ~~~~~~^~~~
../src/C++.cpp:48:59: warning: adding 'int' to a string does not append to the string [-Wstring-plus-int]
                System.out.println("There are no duplicate numbers of " + k + ".");
                                   ~~~~~~~~~~~~~~~~~~~~~~~~~~~~~~~~~~~~~^~~
../src/C++.cpp:48:59: note: use array indexing to silence this warning
                System.out.println("There are no duplicate numbers of " + k + ".");
                                                                        ^
                                   &                                    [  ]
../src/C++.cpp:48:63: error: invalid operands to binary expression ('const char *' and 'const char [2]')
                System.out.println("There are no duplicate numbers of " + k + ".");
                                   ~~~~~~~~~~~~~~~~~~~~~~~~~~~~~~~~~~~~~~~~ ^ ~~~
2 warnings and 19 errors generated.
make: *** [src/C++.o] Error 1
"make all" terminated with exit code 2. Build might be incomplete.
22:11:58 **** Incremental Build of configuration Debug for project C++ ****
make all 
Building file: ../src/C++.cpp
Invoking: GCC C++ Compiler
g++ -O0 -g3 -Wall -c -fmessage-length=0 -MMD -MP -MF"src/C++.d" -MT"src/C++.o" -o "src/C++.o" "../src/C++.cpp"
../src/C++.cpp:26:2: error: use of undeclared identifier 'System'; did you mean 'system'?
        System.out.println("Enter duplicate number to find:");
        ^~~~~~
        system
/Library/Developer/CommandLineTools/SDKs/MacOSX.sdk/usr/include/stdlib.h:190:6: note: 'system' declared here
int      system(const char *) __DARWIN_ALIAS_C(system);
         ^
../src/C++.cpp:26:8: error: member reference base type 'int (const char *)' is not a structure or union
        System.out.println("Enter duplicate number to find:");
        ~~~~~~^~~~
../src/C++.cpp:27:6: error: use of undeclared identifier 'in'
        k = in.nextInt();
            ^
../src/C++.cpp:28:6: error: no viable overloaded '='
        arr = new int[n];
        ~~~ ^ ~~~~~~~~~~
/Library/Developer/CommandLineTools/usr/bin/../include/c++/v1/vector:560:13: note: candidate function not viable: no known conversion from 'int *' to 'const std::__1::vector<int, std::__1::allocator<int> >' for 1st argument
    vector& operator=(const vector& __x);
            ^
../src/C++.cpp:29:2: error: use of undeclared identifier 'System'; did you mean 'system'?
        System.out.println("Enter numbers:");
        ^~~~~~
        system
/Library/Developer/CommandLineTools/SDKs/MacOSX.sdk/usr/include/stdlib.h:190:6: note: 'system' declared here
int      system(const char *) __DARWIN_ALIAS_C(system);
         ^
../src/C++.cpp:29:8: error: member reference base type 'int (const char *)' is not a structure or union
        System.out.println("Enter numbers:");
        ~~~~~~^~~~
../src/C++.cpp:32:12: error: use of undeclared identifier 'in'
                arr[i] = in.nextInt();
                         ^
../src/C++.cpp:34:2: error: use of undeclared identifier 'in'
        in.close();
        ^
../src/C++.cpp:35:2: error: use of undeclared identifier 'Arrays'; did you mean 'array'?
        Arrays.sort(arr);
        ^~~~~~
        array
/Library/Developer/CommandLineTools/usr/bin/../include/c++/v1/__tuple:219:64: note: 'array' declared here
template <class _Tp, size_t _Size> struct _LIBCPP_TEMPLATE_VIS array;
                                                               ^
../src/C++.cpp:35:2: error: use of undeclared identifier 'Arrays'; did you mean 'array'?
        Arrays.sort(arr);
        ^~~~~~
        array
/Library/Developer/CommandLineTools/usr/bin/../include/c++/v1/__tuple:219:64: note: 'array' declared here
template <class _Tp, size_t _Size> struct _LIBCPP_TEMPLATE_VIS array;
                                                               ^
../src/C++.cpp:35:2: error: unknown type name 'Arrays'
        Arrays.sort(arr);
        ^
../src/C++.cpp:35:8: error: cannot use dot operator on a type
        Arrays.sort(arr);
              ^
../src/C++.cpp:44:3: error: use of undeclared identifier 'System'; did you mean 'system'?
                System.out.println("There are " + count + " duplicate numbers.");
                ^~~~~~
                system
/Library/Developer/CommandLineTools/SDKs/MacOSX.sdk/usr/include/stdlib.h:190:6: note: 'system' declared here
int      system(const char *) __DARWIN_ALIAS_C(system);
         ^
../src/C++.cpp:44:9: error: member reference base type 'int (const char *)' is not a structure or union
                System.out.println("There are " + count + " duplicate numbers.");
                ~~~~~~^~~~
../src/C++.cpp:44:35: warning: adding 'int' to a string does not append to the string [-Wstring-plus-int]
                System.out.println("There are " + count + " duplicate numbers.");
                                   ~~~~~~~~~~~~~^~~~~~~
../src/C++.cpp:44:35: note: use array indexing to silence this warning
                System.out.println("There are " + count + " duplicate numbers.");
                                                ^
                                   &            [      ]
../src/C++.cpp:44:43: error: invalid operands to binary expression ('const char *' and 'const char [20]')
                System.out.println("There are " + count + " duplicate numbers.");
                                   ~~~~~~~~~~~~~~~~~~~~ ^ ~~~~~~~~~~~~~~~~~~~~~
../src/C++.cpp:48:3: error: use of undeclared identifier 'System'; did you mean 'system'?
                System.out.println("There are no duplicate numbers of " + k + ".");
                ^~~~~~
                system
/Library/Developer/CommandLineTools/SDKs/MacOSX.sdk/usr/include/stdlib.h:190:6: note: 'system' declared here
int      system(const char *) __DARWIN_ALIAS_C(system);
         ^
../src/C++.cpp:48:9: error: member reference base type 'int (const char *)' is not a structure or union
                System.out.println("There are no duplicate numbers of " + k + ".");
                ~~~~~~^~~~
../src/C++.cpp:48:59: warning: adding 'int' to a string does not append to the string [-Wstring-plus-int]
                System.out.println("There are no duplicate numbers of " + k + ".");
                                   ~~~~~~~~~~~~~~~~~~~~~~~~~~~~~~~~~~~~~^~~
../src/C++.cpp:48:59: note: use array indexing to silence this warning
                System.out.println("There are no duplicate numbers of " + k + ".");
                                                                        ^
                                   &                                    [  ]
../src/C++.cpp:48:63: error: invalid operands to binary expression ('const char *' and 'const char [2]')
                System.out.println("There are no duplicate numbers of " + k + ".");
                                   ~~~~~~~~~~~~~~~~~~~~~~~~~~~~~~~~~~~~~~~~ ^ ~~~
2 warnings and 18 errors generated.
make: *** [src/C++.o] Error 1
"make all" terminated with exit code 2. Build might be incomplete.
22:12:42 **** Incremental Build of configuration Debug for project C++ ****
make all 
Building file: ../src/C++.cpp
Invoking: GCC C++ Compiler
g++ -O0 -g3 -Wall -c -fmessage-length=0 -MMD -MP -MF"src/C++.d" -MT"src/C++.o" -o "src/C++.o" "../src/C++.cpp"
../src/C++.cpp:28:6: error: no viable overloaded '='
        arr = new vector<int>;
        ~~~ ^ ~~~~~~~~~~~~~~~
/Library/Developer/CommandLineTools/usr/bin/../include/c++/v1/vector:560:13: note: candidate function not viable: no known conversion from 'vector<int> *' to 'const std::__1::vector<int, std::__1::allocator<int> >' for 1st argument; dereference the argument with *
    vector& operator=(const vector& __x);
            ^
../src/C++.cpp:29:2: error: use of undeclared identifier 'System'; did you mean 'system'?
        System.out.println("Enter numbers:");
        ^~~~~~
        system
/Library/Developer/CommandLineTools/SDKs/MacOSX.sdk/usr/include/stdlib.h:190:6: note: 'system' declared here
int      system(const char *) __DARWIN_ALIAS_C(system);
         ^
../src/C++.cpp:29:8: error: member reference base type 'int (const char *)' is not a structure or union
        System.out.println("Enter numbers:");
        ~~~~~~^~~~
../src/C++.cpp:32:12: error: use of undeclared identifier 'in'
                arr[i] = in.nextInt();
                         ^
../src/C++.cpp:34:2: error: use of undeclared identifier 'in'
        in.close();
        ^
../src/C++.cpp:35:2: error: use of undeclared identifier 'Arrays'; did you mean 'array'?
        Arrays.sort(arr);
        ^~~~~~
        array
/Library/Developer/CommandLineTools/usr/bin/../include/c++/v1/__tuple:219:64: note: 'array' declared here
template <class _Tp, size_t _Size> struct _LIBCPP_TEMPLATE_VIS array;
                                                               ^
../src/C++.cpp:35:2: error: use of undeclared identifier 'Arrays'; did you mean 'array'?
        Arrays.sort(arr);
        ^~~~~~
        array
/Library/Developer/CommandLineTools/usr/bin/../include/c++/v1/__tuple:219:64: note: 'array' declared here
template <class _Tp, size_t _Size> struct _LIBCPP_TEMPLATE_VIS array;
                                                               ^
../src/C++.cpp:35:2: error: unknown type name 'Arrays'
        Arrays.sort(arr);
        ^
../src/C++.cpp:35:8: error: cannot use dot operator on a type
        Arrays.sort(arr);
              ^
../src/C++.cpp:44:3: error: use of undeclared identifier 'System'; did you mean 'system'?
                System.out.println("There are " + count + " duplicate numbers.");
                ^~~~~~
                system
/Library/Developer/CommandLineTools/SDKs/MacOSX.sdk/usr/include/stdlib.h:190:6: note: 'system' declared here
int      system(const char *) __DARWIN_ALIAS_C(system);
         ^
../src/C++.cpp:44:9: error: member reference base type 'int (const char *)' is not a structure or union
                System.out.println("There are " + count + " duplicate numbers.");
                ~~~~~~^~~~
../src/C++.cpp:44:35: warning: adding 'int' to a string does not append to the string [-Wstring-plus-int]
                System.out.println("There are " + count + " duplicate numbers.");
                                   ~~~~~~~~~~~~~^~~~~~~
../src/C++.cpp:44:35: note: use array indexing to silence this warning
                System.out.println("There are " + count + " duplicate numbers.");
                                                ^
                                   &            [      ]
../src/C++.cpp:44:43: error: invalid operands to binary expression ('const char *' and 'const char [20]')
                System.out.println("There are " + count + " duplicate numbers.");
                                   ~~~~~~~~~~~~~~~~~~~~ ^ ~~~~~~~~~~~~~~~~~~~~~
../src/C++.cpp:48:3: error: use of undeclared identifier 'System'; did you mean 'system'?
                System.out.println("There are no duplicate numbers of " + k + ".");
                ^~~~~~
                system
/Library/Developer/CommandLineTools/SDKs/MacOSX.sdk/usr/include/stdlib.h:190:6: note: 'system' declared here
int      system(const char *) __DARWIN_ALIAS_C(system);
         ^
../src/C++.cpp:48:9: error: member reference base type 'int (const char *)' is not a structure or union
                System.out.println("There are no duplicate numbers of " + k + ".");
                ~~~~~~^~~~
../src/C++.cpp:48:59: warning: adding 'int' to a string does not append to the string [-Wstring-plus-int]
                System.out.println("There are no duplicate numbers of " + k + ".");
                                   ~~~~~~~~~~~~~~~~~~~~~~~~~~~~~~~~~~~~~^~~
../src/C++.cpp:48:59: note: use array indexing to silence this warning
                System.out.println("There are no duplicate numbers of " + k + ".");
                                                                        ^
                                   &                                    [  ]
../src/C++.cpp:48:63: error: invalid operands to binary expression ('const char *' and 'const char [2]')
                System.out.println("There are no duplicate numbers of " + k + ".");
                                   ~~~~~~~~~~~~~~~~~~~~~~~~~~~~~~~~~~~~~~~~ ^ ~~~
2 warnings and 15 errors generated.
make: *** [src/C++.o] Error 1
"make all" terminated with exit code 2. Build might be incomplete.
22:13:13 **** Incremental Build of configuration Debug for project C++ ****
make all 
Building file: ../src/C++.cpp
Invoking: GCC C++ Compiler
g++ -O0 -g3 -Wall -c -fmessage-length=0 -MMD -MP -MF"src/C++.d" -MT"src/C++.o" -o "src/C++.o" "../src/C++.cpp"
../src/C++.cpp:31:12: error: use of undeclared identifier 'in'
                arr[i] = in.nextInt();
                         ^
../src/C++.cpp:33:2: error: use of undeclared identifier 'in'
        in.close();
        ^
../src/C++.cpp:34:2: error: use of undeclared identifier 'Arrays'; did you mean 'array'?
        Arrays.sort(arr);
        ^~~~~~
        array
/Library/Developer/CommandLineTools/usr/bin/../include/c++/v1/__tuple:219:64: note: 'array' declared here
template <class _Tp, size_t _Size> struct _LIBCPP_TEMPLATE_VIS array;
                                                               ^
../src/C++.cpp:34:2: error: use of undeclared identifier 'Arrays'; did you mean 'array'?
        Arrays.sort(arr);
        ^~~~~~
        array
/Library/Developer/CommandLineTools/usr/bin/../include/c++/v1/__tuple:219:64: note: 'array' declared here
template <class _Tp, size_t _Size> struct _LIBCPP_TEMPLATE_VIS array;
                                                               ^
../src/C++.cpp:34:2: error: unknown type name 'Arrays'
        Arrays.sort(arr);
        ^
../src/C++.cpp:34:8: error: cannot use dot operator on a type
        Arrays.sort(arr);
              ^
../src/C++.cpp:43:3: error: use of undeclared identifier 'System'; did you mean 'system'?
                System.out.println("There are " + count + " duplicate numbers.");
                ^~~~~~
                system
/Library/Developer/CommandLineTools/SDKs/MacOSX.sdk/usr/include/stdlib.h:190:6: note: 'system' declared here
int      system(const char *) __DARWIN_ALIAS_C(system);
         ^
../src/C++.cpp:43:9: error: member reference base type 'int (const char *)' is not a structure or union
                System.out.println("There are " + count + " duplicate numbers.");
                ~~~~~~^~~~
../src/C++.cpp:43:35: warning: adding 'int' to a string does not append to the string [-Wstring-plus-int]
                System.out.println("There are " + count + " duplicate numbers.");
                                   ~~~~~~~~~~~~~^~~~~~~
../src/C++.cpp:43:35: note: use array indexing to silence this warning
                System.out.println("There are " + count + " duplicate numbers.");
                                                ^
                                   &            [      ]
../src/C++.cpp:43:43: error: invalid operands to binary expression ('const char *' and 'const char [20]')
                System.out.println("There are " + count + " duplicate numbers.");
                                   ~~~~~~~~~~~~~~~~~~~~ ^ ~~~~~~~~~~~~~~~~~~~~~
../src/C++.cpp:47:3: error: use of undeclared identifier 'System'; did you mean 'system'?
                System.out.println("There are no duplicate numbers of " + k + ".");
                ^~~~~~
                system
/Library/Developer/CommandLineTools/SDKs/MacOSX.sdk/usr/include/stdlib.h:190:6: note: 'system' declared here
int      system(const char *) __DARWIN_ALIAS_C(system);
         ^
../src/C++.cpp:47:9: error: member reference base type 'int (const char *)' is not a structure or union
                System.out.println("There are no duplicate numbers of " + k + ".");
                ~~~~~~^~~~
../src/C++.cpp:47:59: warning: adding 'int' to a string does not append to the string [-Wstring-plus-int]
                System.out.println("There are no duplicate numbers of " + k + ".");
                                   ~~~~~~~~~~~~~~~~~~~~~~~~~~~~~~~~~~~~~^~~
../src/C++.cpp:47:59: note: use array indexing to silence this warning
                System.out.println("There are no duplicate numbers of " + k + ".");
                                                                        ^
                                   &                                    [  ]
../src/C++.cpp:47:63: error: invalid operands to binary expression ('const char *' and 'const char [2]')
                System.out.println("There are no duplicate numbers of " + k + ".");
                                   ~~~~~~~~~~~~~~~~~~~~~~~~~~~~~~~~~~~~~~~~ ^ ~~~
2 warnings and 12 errors generated.
make: *** [src/C++.o] Error 1
"make all" terminated with exit code 2. Build might be incomplete.
22:14:35 **** Incremental Build of configuration Debug for project C++ ****
make all 
Building file: ../src/C++.cpp
Invoking: GCC C++ Compiler
g++ -O0 -g3 -Wall -c -fmessage-length=0 -MMD -MP -MF"src/C++.d" -MT"src/C++.o" -o "src/C++.o" "../src/C++.cpp"
../src/C++.cpp:42:3: error: use of undeclared identifier 'System'; did you mean 'system'?
                System.out.println("There are " + count + " duplicate numbers.");
                ^~~~~~
                system
/Library/Developer/CommandLineTools/SDKs/MacOSX.sdk/usr/include/stdlib.h:190:6: note: 'system' declared here
int      system(const char *) __DARWIN_ALIAS_C(system);
         ^
../src/C++.cpp:42:9: error: member reference base type 'int (const char *)' is not a structure or union
                System.out.println("There are " + count + " duplicate numbers.");
                ~~~~~~^~~~
../src/C++.cpp:42:35: warning: adding 'int' to a string does not append to the string [-Wstring-plus-int]
                System.out.println("There are " + count + " duplicate numbers.");
                                   ~~~~~~~~~~~~~^~~~~~~
../src/C++.cpp:42:35: note: use array indexing to silence this warning
                System.out.println("There are " + count + " duplicate numbers.");
                                                ^
                                   &            [      ]
../src/C++.cpp:42:43: error: invalid operands to binary expression ('const char *' and 'const char [20]')
                System.out.println("There are " + count + " duplicate numbers.");
                                   ~~~~~~~~~~~~~~~~~~~~ ^ ~~~~~~~~~~~~~~~~~~~~~
../src/C++.cpp:46:3: error: use of undeclared identifier 'System'; did you mean 'system'?
                System.out.println("There are no duplicate numbers of " + k + ".");
                ^~~~~~
                system
/Library/Developer/CommandLineTools/SDKs/MacOSX.sdk/usr/include/stdlib.h:190:6: note: 'system' declared here
int      system(const char *) __DARWIN_ALIAS_C(system);
         ^
../src/C++.cpp:46:9: error: member reference base type 'int (const char *)' is not a structure or union
                System.out.println("There are no duplicate numbers of " + k + ".");
                ~~~~~~^~~~
../src/C++.cpp:46:59: warning: adding 'int' to a string does not append to the string [-Wstring-plus-int]
                System.out.println("There are no duplicate numbers of " + k + ".");
                                   ~~~~~~~~~~~~~~~~~~~~~~~~~~~~~~~~~~~~~^~~
../src/C++.cpp:46:59: note: use array indexing to silence this warning
                System.out.println("There are no duplicate numbers of " + k + ".");
                                                                        ^
                                   &                                    [  ]
../src/C++.cpp:46:63: error: invalid operands to binary expression ('const char *' and 'const char [2]')
                System.out.println("There are no duplicate numbers of " + k + ".");
                                   ~~~~~~~~~~~~~~~~~~~~~~~~~~~~~~~~~~~~~~~~ ^ ~~~
2 warnings and 6 errors generated.
make: *** [src/C++.o] Error 1
"make all" terminated with exit code 2. Build might be incomplete.
22:15:37 **** Incremental Build of configuration Debug for project C++ ****
make all 
Building file: ../src/C++.cpp
Invoking: GCC C++ Compiler
g++ -O0 -g3 -Wall -c -fmessage-length=0 -MMD -MP -MF"src/C++.d" -MT"src/C++.o" -o "src/C++.o" "../src/C++.cpp"
Finished building: ../src/C++.cpp
 
Building target: C++
Invoking: MacOS X C++ Linker
g++  -o "C++"  ./src/C++.o   
Finished building target: C++
 
22:15:49 **** Incremental Build of configuration Debug for project C++ ****
make all 
Building file: ../src/C++.cpp
Invoking: GCC C++ Compiler
g++ -O0 -g3 -Wall -c -fmessage-length=0 -MMD -MP -MF"src/C++.d" -MT"src/C++.o" -o "src/C++.o" "../src/C++.cpp"
Finished building: ../src/C++.cpp
 
Building target: C++
Invoking: MacOS X C++ Linker
g++  -o "C++"  ./src/C++.o   
Finished building target: C++
 
22:16:51 **** Incremental Build of configuration Debug for project C++ ****
make all 
Building file: ../src/C++.cpp
Invoking: GCC C++ Compiler
g++ -O0 -g3 -Wall -c -fmessage-length=0 -MMD -MP -MF"src/C++.d" -MT"src/C++.o" -o "src/C++.o" "../src/C++.cpp"
Finished building: ../src/C++.cpp
 
Building target: C++
Invoking: MacOS X C++ Linker
g++  -o "C++"  ./src/C++.o   
Finished building target: C++
 
22:24:35 **** Incremental Build of configuration Debug for project C++ ****
make all 
Building file: ../src/C++.cpp
Invoking: GCC C++ Compiler
g++ -O0 -g3 -Wall -c -fmessage-length=0 -MMD -MP -MF"src/C++.d" -MT"src/C++.o" -o "src/C++.o" "../src/C++.cpp"
../src/C++.cpp:22:16: warning: unused variable 'count' [-Wunused-variable]
        int j = 1, n, count = 0, k;
                      ^
../src/C++.cpp:22:6: warning: unused variable 'j' [-Wunused-variable]
        int j = 1, n, count = 0, k;
            ^
2 warnings generated.
Finished building: ../src/C++.cpp
 
Building target: C++
Invoking: MacOS X C++ Linker
g++  -o "C++"  ./src/C++.o   
Finished building target: C++
 
21:52:40 **** Build of configuration Debug for project C++ ****
make all 
Building file: ../src/C++.cpp
Invoking: GCC C++ Compiler
g++ -O0 -g3 -Wall -c -fmessage-length=0 -MMD -MP -MF"src/C++.d" -MT"src/C++.o" -o "src/C++.o" "../src/C++.cpp"
Finished building: ../src/C++.cpp
 
Building target: C++
Invoking: MacOS X C++ Linker
g++  -o "C++"  ./src/C++.o   
Finished building target: C++
 
18:22:07 **** Build of configuration Debug for project C++ ****
make all 
Building file: ../src/C++.cpp
Invoking: GCC C++ Compiler
g++ -O0 -g3 -Wall -c -fmessage-length=0 -MMD -MP -MF"src/C++.d" -MT"src/C++.o" -o "src/C++.o" "../src/C++.cpp"
Finished building: ../src/C++.cpp
 
Building file: ../src/Stuff.cpp
Invoking: GCC C++ Compiler
g++ -O0 -g3 -Wall -c -fmessage-length=0 -MMD -MP -MF"src/Stuff.d" -MT"src/Stuff.o" -o "src/Stuff.o" "../src/Stuff.cpp"
Finished building: ../src/Stuff.cpp
 
Building target: C++
Invoking: MacOS X C++ Linker
g++  -o "C++"  ./src/C++.o ./src/Stuff.o   
Finished building target: C++
 
18:24:32 **** Incremental Build of configuration Debug for project C++ ****
make all 
Building file: ../src/C++.cpp
Invoking: GCC C++ Compiler
g++ -O0 -g3 -Wall -c -fmessage-length=0 -MMD -MP -MF"src/C++.d" -MT"src/C++.o" -o "src/C++.o" "../src/C++.cpp"
Finished building: ../src/C++.cpp
 
Building target: C++
Invoking: MacOS X C++ Linker
g++  -o "C++"  ./src/C++.o   
Finished building target: C++
 
18:24:35 **** Build of configuration Debug for project C++ Stuff ****
make all 
Building file: ../C++.cpp
Invoking: GCC C++ Compiler
g++ -O0 -g3 -Wall -c -fmessage-length=0 -MMD -MP -MF"C++.d" -MT"C++.o" -o "C++.o" "../C++.cpp"
Finished building: ../C++.cpp
 
Building target: C++ Stuff
Invoking: MacOS X C++ Linker
g++  -o "C++ Stuff"  ./C++.o   
Undefined symbols for architecture x86_64:
  "_main", referenced from:
     implicit entry/start for main executable
ld: symbol(s) not found for architecture x86_64
clang: error: linker command failed with exit code 1 (use -v to see invocation)
make: *** [C++ Stuff] Error 1
"make all" terminated with exit code 2. Build might be incomplete.
18:26:25 **** Incremental Build of configuration Debug for project C++ ****
make all 
make: Nothing to be done for `all'.
18:26:26 **** Build of configuration Debug for project C++ Stuff ****
make all 
Building file: ../src/C++.cpp
Invoking: GCC C++ Compiler
g++ -O0 -g3 -Wall -c -fmessage-length=0 -MMD -MP -MF"src/C++.d" -MT"src/C++.o" -o "src/C++.o" "../src/C++.cpp"
Finished building: ../src/C++.cpp
 
Building target: C++ Stuff
Invoking: MacOS X C++ Linker
g++  -o "C++ Stuff"  ./src/C++.o   
Undefined symbols for architecture x86_64:
  "_main", referenced from:
     implicit entry/start for main executable
ld: symbol(s) not found for architecture x86_64
clang: error: linker command failed with exit code 1 (use -v to see invocation)
make: *** [C++ Stuff] Error 1
"make all" terminated with exit code 2. Build might be incomplete.
18:26:42 **** Incremental Build of configuration Debug for project C++ ****
make all 
make: Nothing to be done for `all'.
18:26:42 **** Incremental Build of configuration Debug for project C++ Stuff ****
make all 
Building target: C++ Stuff
Invoking: MacOS X C++ Linker
g++  -o "C++ Stuff"  ./src/C++.o   
Undefined symbols for architecture x86_64:
  "_main", referenced from:
     implicit entry/start for main executable
ld: symbol(s) not found for architecture x86_64
clang: error: linker command failed with exit code 1 (use -v to see invocation)
make: *** [C++ Stuff] Error 1
"make all" terminated with exit code 2. Build might be incomplete.
20:52:28 **** Incremental Build of configuration Debug for project C++ ****
make all 
make: Nothing to be done for `all'.
20:52:28 **** Build of configuration Debug for project C++ Stuff ****
make all 
Building file: ../src/C++ Stuff.cpp
Invoking: GCC C++ Compiler
g++ -O0 -g3 -Wall -c -fmessage-length=0 -MMD -MP -MF"src/C++ Stuff.d" -MT"src/C++ Stuff.o" -o "src/C++ Stuff.o" "../src/C++ Stuff.cpp"
Finished building: ../src/C++ Stuff.cpp
 
Building target: C++ Stuff
Invoking: MacOS X C++ Linker
g++  -o "C++ Stuff"  ./src/C++\ Stuff.o   
Finished building target: C++ Stuff
 
20:53:00 **** Incremental Build of configuration Debug for project C++ ****
make all 
make: Nothing to be done for `all'.
20:53:01 **** Incremental Build of configuration Debug for project C++ Stuff ****
make all 
Building file: ../src/C++ Stuff.cpp
Invoking: GCC C++ Compiler
g++ -O0 -g3 -Wall -c -fmessage-length=0 -MMD -MP -MF"src/C++ Stuff.d" -MT"src/C++ Stuff.o" -o "src/C++ Stuff.o" "../src/C++ Stuff.cpp"
Finished building: ../src/C++ Stuff.cpp
 
Building target: C++ Stuff
Invoking: MacOS X C++ Linker
g++  -o "C++ Stuff"  ./src/C++\ Stuff.o   
Undefined symbols for architecture x86_64:
  "_main", referenced from:
     implicit entry/start for main executable
ld: symbol(s) not found for architecture x86_64
clang: error: linker command failed with exit code 1 (use -v to see invocation)
make: *** [C++ Stuff] Error 1
"make all" terminated with exit code 2. Build might be incomplete.
20:53:45 **** Incremental Build of configuration Debug for project C++ ****
make all 
make: Nothing to be done for `all'.
20:53:46 **** Incremental Build of configuration Debug for project C++ Stuff ****
make all 
Building file: ../src/C++ Stuff.cpp
Invoking: GCC C++ Compiler
g++ -O0 -g3 -Wall -c -fmessage-length=0 -MMD -MP -MF"src/C++ Stuff.d" -MT"src/C++ Stuff.o" -o "src/C++ Stuff.o" "../src/C++ Stuff.cpp"
Finished building: ../src/C++ Stuff.cpp
 
Building target: C++ Stuff
Invoking: MacOS X C++ Linker
g++  -o "C++ Stuff"  ./src/C++\ Stuff.o   
Finished building target: C++ Stuff
 
21:07:46 **** Build of configuration Debug for project C Stuff ****
make all 
Building file: ../src/C Stuff.c
Invoking: GCC C Compiler
gcc -O0 -g3 -Wall -c -fmessage-length=0 -MMD -MP -MF"src/C Stuff.d" -MT"src/C Stuff.o" -o "src/C Stuff.o" "../src/C Stuff.c"
Finished building: ../src/C Stuff.c
 
Building target: C Stuff
Invoking: MacOS X C Linker
gcc  -o "C Stuff"  ./src/C\ Stuff.o   
Finished building target: C Stuff
 
21:07:47 **** Clean-only build of configuration Debug for project C++ Stuff ****
make clean 
rm -rf  ./src/C++.o  ./src/C++.d  C++
 
21:07:47 **** Build of configuration Debug for project C++ Stuff ****
make all 
Building file: ../src/C++.cpp
Invoking: GCC C++ Compiler
g++ -O0 -g3 -Wall -c -fmessage-length=0 -MMD -MP -MF"src/C++.d" -MT"src/C++.o" -o "src/C++.o" "../src/C++.cpp"
../src/C++.cpp:22:22: error: implicit instantiation of undefined template 'std::__1::array<char, 128>'
    array<char, 128> buffer;
                     ^
/Applications/Xcode.app/Contents/Developer/Platforms/MacOSX.platform/Developer/SDKs/MacOSX.sdk/usr/include/c++/v1/__tuple:219:64: note: template is declared here
template <class _Tp, size_t _Size> struct _LIBCPP_TEMPLATE_VIS array;
                                                               ^
1 error generated.
make: *** [src/C++.o] Error 1
"make all" terminated with exit code 2. Build might be incomplete.
21:09:38 **** Incremental Build of configuration Debug for project C Stuff ****
make all 
make: Nothing to be done for `all'.
21:09:38 **** Incremental Build of configuration Debug for project C++ Stuff ****
make all 
Building file: ../src/C++.cpp
Invoking: GCC C++ Compiler
g++ -O0 -g3 -Wall -c -fmessage-length=0 -MMD -MP -MF"src/C++.d" -MT"src/C++.o" -o "src/C++.o" "../src/C++.cpp"
Finished building: ../src/C++.cpp
 
Building target: C++ Stuff
Invoking: MacOS X C++ Linker
g++  -o "C++ Stuff"  ./src/C++.o   
Finished building target: C++ Stuff
 
21:09:44 **** Incremental Build of configuration Debug for project C Stuff ****
make all 
make: Nothing to be done for `all'.
21:09:44 **** Incremental Build of configuration Debug for project C++ Stuff ****
make all 
make: Nothing to be done for `all'.
21:09:56 **** Incremental Build of configuration Debug for project C Stuff ****
make all 
Building file: ../src/C Stuff.c
Invoking: GCC C Compiler
gcc -O0 -g3 -Wall -c -fmessage-length=0 -MMD -MP -MF"src/C Stuff.d" -MT"src/C Stuff.o" -o "src/C Stuff.o" "../src/C Stuff.c"
../src/C Stuff.c:5:19: warning: unknown escape sequence '\!' [-Wunknown-escape-sequence]
        puts("Hello World\!"); /* prints Hello World! */
                         ^~
1 warning generated.
Finished building: ../src/C Stuff.c
 
Building target: C Stuff
Invoking: MacOS X C Linker
gcc  -o "C Stuff"  ./src/C\ Stuff.o   
Finished building target: C Stuff
 
21:09:57 **** Incremental Build of configuration Debug for project C++ Stuff ****
make all 
make: Nothing to be done for `all'.
21:10:10 **** Incremental Build of configuration Debug for project C Stuff ****
make all 
Building file: ../src/C Stuff.c
Invoking: GCC C Compiler
gcc -O0 -g3 -Wall -c -fmessage-length=0 -MMD -MP -MF"src/C Stuff.d" -MT"src/C Stuff.o" -o "src/C Stuff.o" "../src/C Stuff.c"
Finished building: ../src/C Stuff.c
 
Building target: C Stuff
Invoking: MacOS X C Linker
gcc  -o "C Stuff"  ./src/C\ Stuff.o   
Finished building target: C Stuff
 
21:10:10 **** Incremental Build of configuration Debug for project C++ Stuff ****
make all 
make: Nothing to be done for `all'.
21:10:19 **** Incremental Build of configuration Debug for project C Stuff ****
make all 
Building file: ../src/C Stuff.c
Invoking: GCC C Compiler
gcc -O0 -g3 -Wall -c -fmessage-length=0 -MMD -MP -MF"src/C Stuff.d" -MT"src/C Stuff.o" -o "src/C Stuff.o" "../src/C Stuff.c"
Finished building: ../src/C Stuff.c
 
Building target: C Stuff
Invoking: MacOS X C Linker
gcc  -o "C Stuff"  ./src/C\ Stuff.o   
Finished building target: C Stuff
 
21:10:19 **** Incremental Build of configuration Debug for project C++ Stuff ****
make all 
make: Nothing to be done for `all'.
22:07:05 **** Build of configuration Debug for project C Stuff ****
make all 
Command canceled
11:40:34 **** Build of configuration Debug for project C Stuff ****
make all 
make: Nothing to be done for `all'.
11:40:48 **** Build of configuration Debug for project C++ Stuff ****
make all 
make: Nothing to be done for `all'.
